{"C:\\Users\\Serkin\\Desktop\\USSR_S1\\Manage_end\\vue-admin\\src\\App.vue": {"path":"C:\\Users\\Serkin\\Desktop\\USSR_S1\\Manage_end\\vue-admin\\src\\App.vue","statementMap":{"0":{"start":{"line":22,"column":14},"end":{"line":22,"column":26}},"1":{"start":{"line":23,"column":18},"end":{"line":23,"column":29}},"2":{"start":{"line":24,"column":20},"end":{"line":24,"column":28}},"3":{"start":{"line":25,"column":17},"end":{"line":25,"column":29}},"4":{"start":{"line":26,"column":17},"end":{"line":26,"column":28}},"5":{"start":{"line":27,"column":15},"end":{"line":27,"column":26}},"6":{"start":{"line":29,"column":20},"end":{"line":32,"column":1}},"7":{"start":{"line":30,"column":2},"end":{"line":30,"column":null}},"8":{"start":{"line":31,"column":2},"end":{"line":31,"column":null}},"9":{"start":{"line":34,"column":21},"end":{"line":36,"column":1}},"10":{"start":{"line":35,"column":2},"end":{"line":35,"column":null}},"11":{"start":{"line":38,"column":25},"end":{"line":45,"column":1}},"12":{"start":{"line":39,"column":2},"end":{"line":39,"column":null}},"13":{"start":{"line":40,"column":2},"end":{"line":40,"column":null}},"14":{"start":{"line":41,"column":2},"end":{"line":41,"column":null}},"15":{"start":{"line":42,"column":2},"end":{"line":44,"column":null}},"16":{"start":{"line":43,"column":4},"end":{"line":43,"column":null}},"17":{"start":{"line":47,"column":25},"end":{"line":49,"column":1}},"18":{"start":{"line":48,"column":2},"end":{"line":48,"column":null}},"19":{"start":{"line":51,"column":0},"end":{"line":51,"column":null}},"20":{"start":{"line":52,"column":0},"end":{"line":52,"column":null}},"21":{"start":{"line":54,"column":0},"end":{"line":59,"column":null}},"22":{"start":{"line":55,"column":19},"end":{"line":55,"column":58}},"23":{"start":{"line":56,"column":2},"end":{"line":58,"column":null}},"24":{"start":{"line":57,"column":4},"end":{"line":57,"column":null}},"25":{"start":{"line":2,"column":7},"end":{"line":2,"column":null}},"26":{"start":{"line":2,"column":2},"end":{"line":10,"column":31}}},"fnMap":{"0":{"name":"(anonymous_0)","decl":{"start":{"line":29,"column":20},"end":{"line":29,"column":21}},"loc":{"start":{"line":29,"column":26},"end":{"line":32,"column":1}},"line":29},"1":{"name":"(anonymous_1)","decl":{"start":{"line":34,"column":21},"end":{"line":34,"column":22}},"loc":{"start":{"line":34,"column":27},"end":{"line":36,"column":1}},"line":34},"2":{"name":"(anonymous_2)","decl":{"start":{"line":38,"column":25},"end":{"line":38,"column":26}},"loc":{"start":{"line":38,"column":53},"end":{"line":45,"column":1}},"line":38},"3":{"name":"(anonymous_3)","decl":{"start":{"line":42,"column":13},"end":{"line":42,"column":14}},"loc":{"start":{"line":42,"column":19},"end":{"line":44,"column":3}},"line":42},"4":{"name":"(anonymous_4)","decl":{"start":{"line":47,"column":25},"end":{"line":47,"column":26}},"loc":{"start":{"line":47,"column":35},"end":{"line":49,"column":1}},"line":47},"5":{"name":"(anonymous_5)","decl":{"start":{"line":54,"column":10},"end":{"line":54,"column":11}},"loc":{"start":{"line":54,"column":16},"end":{"line":59,"column":1}},"line":54}},"branchMap":{"0":{"loc":{"start":{"line":38,"column":35},"end":{"line":38,"column":48}},"type":"default-arg","locations":[{"start":{"line":38,"column":42},"end":{"line":38,"column":48}}],"line":38},"1":{"loc":{"start":{"line":56,"column":2},"end":{"line":58,"column":null}},"type":"if","locations":[{"start":{"line":56,"column":2},"end":{"line":58,"column":null}},{"start":{},"end":{}}],"line":56},"2":{"loc":{"start":{"line":3,"column":18},"end":{"line":5,"column":43}},"type":"cond-expr","locations":[{"start":{"line":3,"column":4},"end":{"line":3,"column":53}},{"start":{"line":5,"column":6},"end":{"line":5,"column":43}}],"line":3}},"s":{"0":0,"1":0,"2":0,"3":0,"4":0,"5":0,"6":0,"7":0,"8":0,"9":0,"10":0,"11":0,"12":0,"13":0,"14":0,"15":0,"16":0,"17":0,"18":0,"19":0,"20":0,"21":0,"22":0,"23":0,"24":0,"25":0,"26":0},"f":{"0":0,"1":0,"2":0,"3":0,"4":0,"5":0},"b":{"0":[0],"1":[0,0],"2":[0,0]},"meta":{"lastBranch":3,"lastFunction":6,"lastStatement":27,"seen":{"s:22:14:22:26":0,"s:23:18:23:29":1,"s:24:20:24:28":2,"s:25:17:25:29":3,"s:26:17:26:28":4,"s:27:15:27:26":5,"s:29:20:32:1":6,"f:29:20:29:21":0,"s:30:2:30:Infinity":7,"s:31:2:31:Infinity":8,"s:34:21:36:1":9,"f:34:21:34:22":1,"s:35:2:35:Infinity":10,"s:38:25:45:1":11,"f:38:25:38:26":2,"b:38:42:38:48":0,"s:39:2:39:Infinity":12,"s:40:2:40:Infinity":13,"s:41:2:41:Infinity":14,"s:42:2:44:Infinity":15,"f:42:13:42:14":3,"s:43:4:43:Infinity":16,"s:47:25:49:1":17,"f:47:25:47:26":4,"s:48:2:48:Infinity":18,"s:51:0:51:Infinity":19,"s:52:0:52:Infinity":20,"s:54:0:59:Infinity":21,"f:54:10:54:11":5,"s:55:19:55:58":22,"b:56:2:58:Infinity:undefined:undefined:undefined:undefined":1,"s:56:2:58:Infinity":23,"s:57:4:57:Infinity":24,"s:2:7:2:Infinity":25,"s:2:2:10:31":26,"b:3:4:3:53:5:6:5:43":2}}}
,"C:\\Users\\Serkin\\Desktop\\USSR_S1\\Manage_end\\vue-admin\\src\\main.js": {"path":"C:\\Users\\Serkin\\Desktop\\USSR_S1\\Manage_end\\vue-admin\\src\\main.js","statementMap":{"0":{"start":{"line":7,"column":11},"end":{"line":7,"column":null}},"1":{"start":{"line":8,"column":0},"end":{"line":8,"column":null}},"2":{"start":{"line":9,"column":0},"end":{"line":9,"column":null}},"3":{"start":{"line":10,"column":0},"end":{"line":10,"column":null}}},"fnMap":{},"branchMap":{},"s":{"0":0,"1":0,"2":0,"3":0},"f":{},"b":{},"meta":{"lastBranch":0,"lastFunction":0,"lastStatement":4,"seen":{"s:7:11:7:Infinity":0,"s:8:0:8:Infinity":1,"s:9:0:9:Infinity":2,"s:10:0:10:Infinity":3}}}
,"C:\\Users\\Serkin\\Desktop\\USSR_S1\\Manage_end\\vue-admin\\src\\components\\Loading.vue": {"path":"C:\\Users\\Serkin\\Desktop\\USSR_S1\\Manage_end\\vue-admin\\src\\components\\Loading.vue","statementMap":{"0":{"start":{"line":2,"column":13},"end":{"line":3,"column":39}}},"fnMap":{},"branchMap":{"0":{"loc":{"start":{"line":2,"column":13},"end":{"line":3,"column":39}},"type":"cond-expr","locations":[{"start":{"line":2,"column":2},"end":{"line":3,"column":39}}],"line":2},"1":{"loc":{"start":{"line":4,"column":8},"end":{"line":3,"column":39}},"type":"binary-expr","locations":[{"start":{"line":4,"column":8},"end":{"line":4,"column":null}},{"start":{"line":4,"column":8},"end":{"line":3,"column":39}}],"line":4}},"s":{"0":5},"f":{},"b":{"0":[2],"1":[2,2]},"meta":{"lastBranch":2,"lastFunction":0,"lastStatement":1,"seen":{"s:2:13:3:39":0,"b:2:2:3:39":0,"b:4:8:4:Infinity:4:8:3:39":1}}}
,"C:\\Users\\Serkin\\Desktop\\USSR_S1\\Manage_end\\vue-admin\\src\\components\\Modal.vue": {"path":"C:\\Users\\Serkin\\Desktop\\USSR_S1\\Manage_end\\vue-admin\\src\\components\\Modal.vue","statementMap":{"0":{"start":{"line":3,"column":9},"end":{"line":3,"column":null}},"1":{"start":{"line":4,"column":11},"end":{"line":4,"column":null}},"2":{"start":{"line":21,"column":11},"end":{"line":21,"column":null}},"3":{"start":{"line":24,"column":11},"end":{"line":24,"column":null}},"4":{"start":{"line":2,"column":2},"end":{"line":26,"column":77}},"5":{"start":{"line":2,"column":42},"end":{"line":2,"column":null}},"6":{"start":{"line":6,"column":44},"end":{"line":6,"column":null}},"7":{"start":{"line":25,"column":48},"end":{"line":25,"column":64}},"8":{"start":{"line":26,"column":48},"end":{"line":26,"column":66}}},"fnMap":{"0":{"name":"(anonymous_0)","decl":{"start":{"line":2,"column":35},"end":{"line":2,"column":42}},"loc":{"start":{"line":2,"column":42},"end":{"line":2,"column":null}},"line":2},"1":{"name":"(anonymous_1)","decl":{"start":{"line":6,"column":42},"end":{"line":6,"column":44}},"loc":{"start":{"line":6,"column":44},"end":{"line":6,"column":null}},"line":6},"2":{"name":"(anonymous_2)","decl":{"start":{"line":25,"column":46},"end":{"line":25,"column":48}},"loc":{"start":{"line":25,"column":48},"end":{"line":25,"column":64}},"line":25},"3":{"name":"(anonymous_3)","decl":{"start":{"line":26,"column":46},"end":{"line":26,"column":48}},"loc":{"start":{"line":26,"column":48},"end":{"line":26,"column":66}},"line":26}},"branchMap":{"0":{"loc":{"start":{"line":2,"column":35},"end":{"line":2,"column":null}},"type":"binary-expr","locations":[{"start":{"line":2,"column":35},"end":{"line":2,"column":42}},{"start":{"line":2,"column":35},"end":{"line":2,"column":null}}],"line":2},"1":{"loc":{"start":{"line":6,"column":42},"end":{"line":6,"column":null}},"type":"binary-expr","locations":[{"start":{"line":6,"column":42},"end":{"line":6,"column":44}},{"start":{"line":6,"column":42},"end":{"line":6,"column":null}}],"line":6},"2":{"loc":{"start":{"line":25,"column":46},"end":{"line":25,"column":64}},"type":"binary-expr","locations":[{"start":{"line":25,"column":46},"end":{"line":25,"column":48}},{"start":{"line":25,"column":46},"end":{"line":25,"column":64}}],"line":25},"3":{"loc":{"start":{"line":26,"column":46},"end":{"line":26,"column":66}},"type":"binary-expr","locations":[{"start":{"line":26,"column":46},"end":{"line":26,"column":48}},{"start":{"line":26,"column":46},"end":{"line":26,"column":66}}],"line":26}},"s":{"0":1,"1":1,"2":1,"3":1,"4":0,"5":0,"6":0,"7":0,"8":0},"f":{"0":0,"1":0,"2":0,"3":0},"b":{"0":[0,0],"1":[0,0],"2":[0,0],"3":[0,0]},"meta":{"lastBranch":0,"lastFunction":0,"lastStatement":0,"seen":{}}}
,"C:\\Users\\Serkin\\Desktop\\USSR_S1\\Manage_end\\vue-admin\\src\\components\\OrderTrendChart.vue": {"path":"C:\\Users\\Serkin\\Desktop\\USSR_S1\\Manage_end\\vue-admin\\src\\components\\OrderTrendChart.vue","statementMap":{"0":{"start":{"line":11,"column":14},"end":{"line":11,"column":null}},"1":{"start":{"line":15,"column":16},"end":{"line":15,"column":26}},"2":{"start":{"line":16,"column":20},"end":{"line":16,"column":24}},"3":{"start":{"line":18,"column":25},"end":{"line":37,"column":1}},"4":{"start":{"line":19,"column":20},"end":{"line":19,"column":22}},"5":{"start":{"line":20,"column":16},"end":{"line":20,"column":26}},"6":{"start":{"line":21,"column":2},"end":{"line":35,"column":null}},"7":{"start":{"line":21,"column":15},"end":{"line":21,"column":16}},"8":{"start":{"line":22,"column":17},"end":{"line":22,"column":32}},"9":{"start":{"line":23,"column":4},"end":{"line":23,"column":null}},"10":{"start":{"line":24,"column":20},"end":{"line":24,"column":52}},"11":{"start":{"line":25,"column":22},"end":{"line":28,"column":6}},"12":{"start":{"line":26,"column":6},"end":{"line":26,"column":null}},"13":{"start":{"line":26,"column":28},"end":{"line":26,"column":null}},"14":{"start":{"line":27,"column":6},"end":{"line":27,"column":null}},"15":{"start":{"line":29,"column":4},"end":{"line":34,"column":null}},"16":{"start":{"line":32,"column":41},"end":{"line":32,"column":65}},"17":{"start":{"line":33,"column":41},"end":{"line":33,"column":65}},"18":{"start":{"line":36,"column":2},"end":{"line":36,"column":null}},"19":{"start":{"line":39,"column":18},"end":{"line":139,"column":1}},"20":{"start":{"line":40,"column":2},"end":{"line":40,"column":null}},"21":{"start":{"line":40,"column":23},"end":{"line":40,"column":null}},"22":{"start":{"line":41,"column":2},"end":{"line":41,"column":null}},"23":{"start":{"line":41,"column":21},"end":{"line":41,"column":null}},"24":{"start":{"line":42,"column":2},"end":{"line":42,"column":null}},"25":{"start":{"line":44,"column":15},"end":{"line":44,"column":33}},"26":{"start":{"line":46,"column":17},"end":{"line":136,"column":3}},"27":{"start":{"line":84,"column":28},"end":{"line":84,"column":34}},"28":{"start":{"line":103,"column":30},"end":{"line":103,"column":37}},"29":{"start":{"line":119,"column":30},"end":{"line":119,"column":41}},"30":{"start":{"line":129,"column":30},"end":{"line":129,"column":41}},"31":{"start":{"line":138,"column":2},"end":{"line":138,"column":null}},"32":{"start":{"line":141,"column":0},"end":{"line":144,"column":null}},"33":{"start":{"line":142,"column":2},"end":{"line":142,"column":null}},"34":{"start":{"line":143,"column":2},"end":{"line":143,"column":null}},"35":{"start":{"line":143,"column":42},"end":{"line":143,"column":65}},"36":{"start":{"line":146,"column":0},"end":{"line":150,"column":null}},"37":{"start":{"line":147,"column":8},"end":{"line":147,"column":20}},"38":{"start":{"line":148,"column":8},"end":{"line":148,"column":19}},"39":{"start":{"line":2,"column":7},"end":{"line":2,"column":null}},"40":{"start":{"line":2,"column":2},"end":{"line":3,"column":null}}},"fnMap":{"0":{"name":"(anonymous_0)","decl":{"start":{"line":18,"column":25},"end":{"line":18,"column":26}},"loc":{"start":{"line":18,"column":31},"end":{"line":37,"column":1}},"line":18},"1":{"name":"(anonymous_1)","decl":{"start":{"line":25,"column":42},"end":{"line":25,"column":43}},"loc":{"start":{"line":25,"column":53},"end":{"line":28,"column":5}},"line":25},"2":{"name":"(anonymous_2)","decl":{"start":{"line":32,"column":34},"end":{"line":32,"column":35}},"loc":{"start":{"line":32,"column":41},"end":{"line":32,"column":65}},"line":32},"3":{"name":"(anonymous_3)","decl":{"start":{"line":33,"column":34},"end":{"line":33,"column":35}},"loc":{"start":{"line":33,"column":41},"end":{"line":33,"column":65}},"line":33},"4":{"name":"(anonymous_4)","decl":{"start":{"line":39,"column":18},"end":{"line":39,"column":19}},"loc":{"start":{"line":39,"column":24},"end":{"line":139,"column":1}},"line":39},"5":{"name":"(anonymous_5)","decl":{"start":{"line":84,"column":21},"end":{"line":84,"column":22}},"loc":{"start":{"line":84,"column":28},"end":{"line":84,"column":34}},"line":84},"6":{"name":"(anonymous_6)","decl":{"start":{"line":103,"column":23},"end":{"line":103,"column":24}},"loc":{"start":{"line":103,"column":30},"end":{"line":103,"column":37}},"line":103},"7":{"name":"(anonymous_7)","decl":{"start":{"line":119,"column":23},"end":{"line":119,"column":24}},"loc":{"start":{"line":119,"column":30},"end":{"line":119,"column":41}},"line":119},"8":{"name":"(anonymous_8)","decl":{"start":{"line":129,"column":23},"end":{"line":129,"column":24}},"loc":{"start":{"line":129,"column":30},"end":{"line":129,"column":41}},"line":129},"9":{"name":"(anonymous_9)","decl":{"start":{"line":141,"column":10},"end":{"line":141,"column":11}},"loc":{"start":{"line":141,"column":16},"end":{"line":144,"column":1}},"line":141},"10":{"name":"(anonymous_10)","decl":{"start":{"line":143,"column":36},"end":{"line":143,"column":37}},"loc":{"start":{"line":143,"column":42},"end":{"line":143,"column":65}},"line":143},"11":{"name":"(anonymous_11)","decl":{"start":{"line":147,"column":2},"end":{"line":147,"column":3}},"loc":{"start":{"line":147,"column":8},"end":{"line":147,"column":20}},"line":147},"12":{"name":"(anonymous_12)","decl":{"start":{"line":148,"column":2},"end":{"line":148,"column":3}},"loc":{"start":{"line":148,"column":8},"end":{"line":148,"column":19}},"line":148}},"branchMap":{"0":{"loc":{"start":{"line":26,"column":6},"end":{"line":26,"column":null}},"type":"if","locations":[{"start":{"line":26,"column":6},"end":{"line":26,"column":null}},{"start":{},"end":{}}],"line":26},"1":{"loc":{"start":{"line":40,"column":2},"end":{"line":40,"column":null}},"type":"if","locations":[{"start":{"line":40,"column":2},"end":{"line":40,"column":null}},{"start":{},"end":{}}],"line":40},"2":{"loc":{"start":{"line":41,"column":2},"end":{"line":41,"column":null}},"type":"if","locations":[{"start":{"line":41,"column":2},"end":{"line":41,"column":null}},{"start":{},"end":{}}],"line":41}},"s":{"0":0,"1":0,"2":0,"3":0,"4":0,"5":0,"6":0,"7":0,"8":0,"9":0,"10":0,"11":0,"12":0,"13":0,"14":0,"15":0,"16":0,"17":0,"18":0,"19":0,"20":0,"21":0,"22":0,"23":0,"24":0,"25":0,"26":0,"27":0,"28":0,"29":0,"30":0,"31":0,"32":0,"33":0,"34":0,"35":0,"36":0,"37":0,"38":0,"39":1,"40":0},"f":{"0":0,"1":0,"2":0,"3":0,"4":0,"5":0,"6":0,"7":0,"8":0,"9":0,"10":0,"11":0,"12":0},"b":{"0":[0,0],"1":[0,0],"2":[0,0]},"meta":{"lastBranch":3,"lastFunction":13,"lastStatement":41,"seen":{"s:11:14:11:Infinity":0,"s:15:16:15:26":1,"s:16:20:16:24":2,"s:18:25:37:1":3,"f:18:25:18:26":0,"s:19:20:19:22":4,"s:20:16:20:26":5,"s:21:2:35:Infinity":6,"s:21:15:21:16":7,"s:22:17:22:32":8,"s:23:4:23:Infinity":9,"s:24:20:24:52":10,"s:25:22:28:6":11,"f:25:42:25:43":1,"b:26:6:26:Infinity:undefined:undefined:undefined:undefined":0,"s:26:6:26:Infinity":12,"s:26:28:26:Infinity":13,"s:27:6:27:Infinity":14,"s:29:4:34:Infinity":15,"f:32:34:32:35":2,"s:32:41:32:65":16,"f:33:34:33:35":3,"s:33:41:33:65":17,"s:36:2:36:Infinity":18,"s:39:18:139:1":19,"f:39:18:39:19":4,"b:40:2:40:Infinity:undefined:undefined:undefined:undefined":1,"s:40:2:40:Infinity":20,"s:40:23:40:Infinity":21,"b:41:2:41:Infinity:undefined:undefined:undefined:undefined":2,"s:41:2:41:Infinity":22,"s:41:21:41:Infinity":23,"s:42:2:42:Infinity":24,"s:44:15:44:33":25,"s:46:17:136:3":26,"f:84:21:84:22":5,"s:84:28:84:34":27,"f:103:23:103:24":6,"s:103:30:103:37":28,"f:119:23:119:24":7,"s:119:30:119:41":29,"f:129:23:129:24":8,"s:129:30:129:41":30,"s:138:2:138:Infinity":31,"s:141:0:144:Infinity":32,"f:141:10:141:11":9,"s:142:2:142:Infinity":33,"s:143:2:143:Infinity":34,"f:143:36:143:37":10,"s:143:42:143:65":35,"s:146:0:150:Infinity":36,"f:147:2:147:3":11,"s:147:8:147:20":37,"f:148:2:148:3":12,"s:148:8:148:19":38,"s:2:7:2:Infinity":39,"s:2:2:3:Infinity":40}}}
,"C:\\Users\\Serkin\\Desktop\\USSR_S1\\Manage_end\\vue-admin\\src\\components\\RevenueChart.vue": {"path":"C:\\Users\\Serkin\\Desktop\\USSR_S1\\Manage_end\\vue-admin\\src\\components\\RevenueChart.vue","statementMap":{"0":{"start":{"line":11,"column":14},"end":{"line":11,"column":null}},"1":{"start":{"line":15,"column":16},"end":{"line":15,"column":26}},"2":{"start":{"line":16,"column":20},"end":{"line":16,"column":24}},"3":{"start":{"line":18,"column":27},"end":{"line":41,"column":1}},"4":{"start":{"line":19,"column":20},"end":{"line":19,"column":22}},"5":{"start":{"line":20,"column":16},"end":{"line":20,"column":26}},"6":{"start":{"line":21,"column":2},"end":{"line":39,"column":null}},"7":{"start":{"line":21,"column":15},"end":{"line":21,"column":16}},"8":{"start":{"line":22,"column":17},"end":{"line":22,"column":32}},"9":{"start":{"line":23,"column":4},"end":{"line":23,"column":null}},"10":{"start":{"line":24,"column":20},"end":{"line":24,"column":52}},"11":{"start":{"line":25,"column":22},"end":{"line":32,"column":6}},"12":{"start":{"line":26,"column":6},"end":{"line":30,"column":null}},"13":{"start":{"line":30,"column":8},"end":{"line":30,"column":null}},"14":{"start":{"line":31,"column":6},"end":{"line":31,"column":null}},"15":{"start":{"line":33,"column":4},"end":{"line":38,"column":null}},"16":{"start":{"line":36,"column":28},"end":{"line":36,"column":53}},"17":{"start":{"line":40,"column":2},"end":{"line":40,"column":null}},"18":{"start":{"line":43,"column":18},"end":{"line":129,"column":1}},"19":{"start":{"line":44,"column":2},"end":{"line":44,"column":null}},"20":{"start":{"line":44,"column":23},"end":{"line":44,"column":null}},"21":{"start":{"line":45,"column":2},"end":{"line":45,"column":null}},"22":{"start":{"line":45,"column":21},"end":{"line":45,"column":null}},"23":{"start":{"line":46,"column":2},"end":{"line":46,"column":null}},"24":{"start":{"line":48,"column":15},"end":{"line":48,"column":35}},"25":{"start":{"line":50,"column":17},"end":{"line":126,"column":3}},"26":{"start":{"line":72,"column":8},"end":{"line":72,"column":null}},"27":{"start":{"line":84,"column":28},"end":{"line":84,"column":34}},"28":{"start":{"line":103,"column":30},"end":{"line":103,"column":39}},"29":{"start":{"line":120,"column":10},"end":{"line":120,"column":null}},"30":{"start":{"line":128,"column":2},"end":{"line":128,"column":null}},"31":{"start":{"line":131,"column":0},"end":{"line":134,"column":null}},"32":{"start":{"line":132,"column":2},"end":{"line":132,"column":null}},"33":{"start":{"line":133,"column":2},"end":{"line":133,"column":null}},"34":{"start":{"line":133,"column":42},"end":{"line":133,"column":65}},"35":{"start":{"line":136,"column":0},"end":{"line":140,"column":null}},"36":{"start":{"line":137,"column":8},"end":{"line":137,"column":20}},"37":{"start":{"line":138,"column":8},"end":{"line":138,"column":19}},"38":{"start":{"line":2,"column":7},"end":{"line":2,"column":null}},"39":{"start":{"line":2,"column":2},"end":{"line":3,"column":null}}},"fnMap":{"0":{"name":"(anonymous_0)","decl":{"start":{"line":18,"column":27},"end":{"line":18,"column":28}},"loc":{"start":{"line":18,"column":33},"end":{"line":41,"column":1}},"line":18},"1":{"name":"(anonymous_1)","decl":{"start":{"line":25,"column":42},"end":{"line":25,"column":43}},"loc":{"start":{"line":25,"column":53},"end":{"line":32,"column":5}},"line":25},"2":{"name":"(anonymous_2)","decl":{"start":{"line":36,"column":16},"end":{"line":36,"column":17}},"loc":{"start":{"line":36,"column":28},"end":{"line":36,"column":53}},"line":36},"3":{"name":"(anonymous_3)","decl":{"start":{"line":43,"column":18},"end":{"line":43,"column":19}},"loc":{"start":{"line":43,"column":24},"end":{"line":129,"column":1}},"line":43},"4":{"name":"(anonymous_4)","decl":{"start":{"line":71,"column":6},"end":{"line":71,"column":15}},"loc":{"start":{"line":71,"column":35},"end":{"line":73,"column":7}},"line":71},"5":{"name":"(anonymous_5)","decl":{"start":{"line":84,"column":21},"end":{"line":84,"column":22}},"loc":{"start":{"line":84,"column":28},"end":{"line":84,"column":34}},"line":84},"6":{"name":"(anonymous_6)","decl":{"start":{"line":103,"column":23},"end":{"line":103,"column":24}},"loc":{"start":{"line":103,"column":30},"end":{"line":103,"column":39}},"line":103},"7":{"name":"(anonymous_7)","decl":{"start":{"line":119,"column":8},"end":{"line":119,"column":22}},"loc":{"start":{"line":119,"column":39},"end":{"line":121,"column":9}},"line":119},"8":{"name":"(anonymous_8)","decl":{"start":{"line":131,"column":10},"end":{"line":131,"column":11}},"loc":{"start":{"line":131,"column":16},"end":{"line":134,"column":1}},"line":131},"9":{"name":"(anonymous_9)","decl":{"start":{"line":133,"column":36},"end":{"line":133,"column":37}},"loc":{"start":{"line":133,"column":42},"end":{"line":133,"column":65}},"line":133},"10":{"name":"(anonymous_10)","decl":{"start":{"line":137,"column":2},"end":{"line":137,"column":3}},"loc":{"start":{"line":137,"column":8},"end":{"line":137,"column":20}},"line":137},"11":{"name":"(anonymous_11)","decl":{"start":{"line":138,"column":2},"end":{"line":138,"column":3}},"loc":{"start":{"line":138,"column":8},"end":{"line":138,"column":19}},"line":138}},"branchMap":{"0":{"loc":{"start":{"line":26,"column":6},"end":{"line":30,"column":null}},"type":"if","locations":[{"start":{"line":26,"column":6},"end":{"line":30,"column":null}},{"start":{},"end":{}}],"line":26},"1":{"loc":{"start":{"line":27,"column":8},"end":{"line":28,"column":null}},"type":"binary-expr","locations":[{"start":{"line":27,"column":8},"end":{"line":27,"column":24}},{"start":{"line":28,"column":9},"end":{"line":28,"column":32}},{"start":{"line":28,"column":36},"end":{"line":28,"column":64}}],"line":27},"2":{"loc":{"start":{"line":36,"column":35},"end":{"line":36,"column":52}},"type":"binary-expr","locations":[{"start":{"line":36,"column":35},"end":{"line":36,"column":47}},{"start":{"line":36,"column":51},"end":{"line":36,"column":52}}],"line":36},"3":{"loc":{"start":{"line":44,"column":2},"end":{"line":44,"column":null}},"type":"if","locations":[{"start":{"line":44,"column":2},"end":{"line":44,"column":null}},{"start":{},"end":{}}],"line":44},"4":{"loc":{"start":{"line":45,"column":2},"end":{"line":45,"column":null}},"type":"if","locations":[{"start":{"line":45,"column":2},"end":{"line":45,"column":null}},{"start":{},"end":{}}],"line":45}},"s":{"0":0,"1":0,"2":0,"3":0,"4":0,"5":0,"6":0,"7":0,"8":0,"9":0,"10":0,"11":0,"12":0,"13":0,"14":0,"15":0,"16":0,"17":0,"18":0,"19":0,"20":0,"21":0,"22":0,"23":0,"24":0,"25":0,"26":0,"27":0,"28":0,"29":0,"30":0,"31":0,"32":0,"33":0,"34":0,"35":0,"36":0,"37":0,"38":1,"39":0},"f":{"0":0,"1":0,"2":0,"3":0,"4":0,"5":0,"6":0,"7":0,"8":0,"9":0,"10":0,"11":0},"b":{"0":[0,0],"1":[0,0,0],"2":[0,0],"3":[0,0],"4":[0,0]},"meta":{"lastBranch":0,"lastFunction":0,"lastStatement":0,"seen":{}}}
,"C:\\Users\\Serkin\\Desktop\\USSR_S1\\Manage_end\\vue-admin\\src\\components\\SeatUsageChart.vue": {"path":"C:\\Users\\Serkin\\Desktop\\USSR_S1\\Manage_end\\vue-admin\\src\\components\\SeatUsageChart.vue","statementMap":{"0":{"start":{"line":11,"column":14},"end":{"line":11,"column":null}},"1":{"start":{"line":18,"column":16},"end":{"line":18,"column":26}},"2":{"start":{"line":19,"column":20},"end":{"line":19,"column":24}},"3":{"start":{"line":21,"column":18},"end":{"line":99,"column":1}},"4":{"start":{"line":22,"column":2},"end":{"line":22,"column":null}},"5":{"start":{"line":22,"column":23},"end":{"line":22,"column":null}},"6":{"start":{"line":24,"column":2},"end":{"line":24,"column":null}},"7":{"start":{"line":24,"column":21},"end":{"line":24,"column":null}},"8":{"start":{"line":25,"column":2},"end":{"line":25,"column":null}},"9":{"start":{"line":27,"column":17},"end":{"line":96,"column":3}},"10":{"start":{"line":98,"column":2},"end":{"line":98,"column":null}},"11":{"start":{"line":101,"column":0},"end":{"line":104,"column":null}},"12":{"start":{"line":102,"column":2},"end":{"line":102,"column":null}},"13":{"start":{"line":103,"column":2},"end":{"line":103,"column":null}},"14":{"start":{"line":103,"column":42},"end":{"line":103,"column":65}},"15":{"start":{"line":106,"column":0},"end":{"line":110,"column":null}},"16":{"start":{"line":107,"column":8},"end":{"line":107,"column":18}},"17":{"start":{"line":108,"column":8},"end":{"line":108,"column":19}},"18":{"start":{"line":2,"column":7},"end":{"line":2,"column":null}},"19":{"start":{"line":2,"column":2},"end":{"line":3,"column":null}}},"fnMap":{"0":{"name":"(anonymous_0)","decl":{"start":{"line":21,"column":18},"end":{"line":21,"column":19}},"loc":{"start":{"line":21,"column":24},"end":{"line":99,"column":1}},"line":21},"1":{"name":"(anonymous_1)","decl":{"start":{"line":101,"column":10},"end":{"line":101,"column":11}},"loc":{"start":{"line":101,"column":16},"end":{"line":104,"column":1}},"line":101},"2":{"name":"(anonymous_2)","decl":{"start":{"line":103,"column":36},"end":{"line":103,"column":37}},"loc":{"start":{"line":103,"column":42},"end":{"line":103,"column":65}},"line":103},"3":{"name":"(anonymous_3)","decl":{"start":{"line":107,"column":2},"end":{"line":107,"column":3}},"loc":{"start":{"line":107,"column":8},"end":{"line":107,"column":18}},"line":107},"4":{"name":"(anonymous_4)","decl":{"start":{"line":108,"column":2},"end":{"line":108,"column":3}},"loc":{"start":{"line":108,"column":8},"end":{"line":108,"column":19}},"line":108}},"branchMap":{"0":{"loc":{"start":{"line":22,"column":2},"end":{"line":22,"column":null}},"type":"if","locations":[{"start":{"line":22,"column":2},"end":{"line":22,"column":null}},{"start":{},"end":{}}],"line":22},"1":{"loc":{"start":{"line":24,"column":2},"end":{"line":24,"column":null}},"type":"if","locations":[{"start":{"line":24,"column":2},"end":{"line":24,"column":null}},{"start":{},"end":{}}],"line":24},"2":{"loc":{"start":{"line":82,"column":19},"end":{"line":82,"column":45}},"type":"binary-expr","locations":[{"start":{"line":82,"column":19},"end":{"line":82,"column":40}},{"start":{"line":82,"column":44},"end":{"line":82,"column":45}}],"line":82},"3":{"loc":{"start":{"line":87,"column":19},"end":{"line":87,"column":44}},"type":"binary-expr","locations":[{"start":{"line":87,"column":19},"end":{"line":87,"column":39}},{"start":{"line":87,"column":43},"end":{"line":87,"column":44}}],"line":87}},"s":{"0":0,"1":0,"2":0,"3":0,"4":0,"5":0,"6":0,"7":0,"8":0,"9":0,"10":0,"11":0,"12":0,"13":0,"14":0,"15":0,"16":0,"17":0,"18":1,"19":0},"f":{"0":0,"1":0,"2":0,"3":0,"4":0},"b":{"0":[0,0],"1":[0,0],"2":[0,0],"3":[0,0]},"meta":{"lastBranch":0,"lastFunction":0,"lastStatement":0,"seen":{}}}
,"C:\\Users\\Serkin\\Desktop\\USSR_S1\\Manage_end\\vue-admin\\src\\components\\Toast.vue": {"path":"C:\\Users\\Serkin\\Desktop\\USSR_S1\\Manage_end\\vue-admin\\src\\components\\Toast.vue","statementMap":{"0":{"start":{"line":2,"column":13},"end":{"line":2,"column":66}}},"fnMap":{},"branchMap":{"0":{"loc":{"start":{"line":2,"column":13},"end":{"line":2,"column":66}},"type":"cond-expr","locations":[{"start":{"line":2,"column":2},"end":{"line":2,"column":66}}],"line":2}},"s":{"0":8},"f":{},"b":{"0":[7]},"meta":{"lastBranch":0,"lastFunction":0,"lastStatement":0,"seen":{}}}
,"C:\\Users\\Serkin\\Desktop\\USSR_S1\\Manage_end\\vue-admin\\src\\config\\cloud.js": {"path":"C:\\Users\\Serkin\\Desktop\\USSR_S1\\Manage_end\\vue-admin\\src\\config\\cloud.js","statementMap":{"0":{"start":{"line":1,"column":28},"end":{"line":4,"column":null}},"1":{"start":{"line":6,"column":28},"end":{"line":9,"column":null}},"2":{"start":{"line":11,"column":25},"end":{"line":11,"column":null}}},"fnMap":{},"branchMap":{},"s":{"0":2,"1":2,"2":2},"f":{},"b":{},"meta":{"lastBranch":0,"lastFunction":0,"lastStatement":3,"seen":{"s:1:28:4:Infinity":0,"s:6:28:9:Infinity":1,"s:11:25:11:Infinity":2}}}
,"C:\\Users\\Serkin\\Desktop\\USSR_S1\\Manage_end\\vue-admin\\src\\router\\index.js": {"path":"C:\\Users\\Serkin\\Desktop\\USSR_S1\\Manage_end\\vue-admin\\src\\router\\index.js","statementMap":{"0":{"start":{"line":12,"column":15},"end":{"line":71,"column":null}},"1":{"start":{"line":73,"column":14},"end":{"line":76,"column":null}}},"fnMap":{},"branchMap":{},"s":{"0":1,"1":1},"f":{},"b":{},"meta":{"lastBranch":0,"lastFunction":0,"lastStatement":2,"seen":{"s:12:15:71:Infinity":0,"s:73:14:76:Infinity":1}}}
,"C:\\Users\\Serkin\\Desktop\\USSR_S1\\Manage_end\\vue-admin\\src\\utils\\cloudBase.js": {"path":"C:\\Users\\Serkin\\Desktop\\USSR_S1\\Manage_end\\vue-admin\\src\\utils\\cloudBase.js","statementMap":{"0":{"start":{"line":3,"column":10},"end":{"line":3,"column":null}},"1":{"start":{"line":4,"column":9},"end":{"line":4,"column":null}},"2":{"start":{"line":5,"column":20},"end":{"line":5,"column":null}},"3":{"start":{"line":8,"column":2},"end":{"line":24,"column":null}},"4":{"start":{"line":9,"column":4},"end":{"line":11,"column":null}},"5":{"start":{"line":10,"column":6},"end":{"line":10,"column":null}},"6":{"start":{"line":13,"column":4},"end":{"line":13,"column":null}},"7":{"start":{"line":14,"column":17},"end":{"line":14,"column":null}},"8":{"start":{"line":15,"column":4},"end":{"line":15,"column":null}},"9":{"start":{"line":16,"column":4},"end":{"line":16,"column":null}},"10":{"start":{"line":17,"column":4},"end":{"line":17,"column":null}},"11":{"start":{"line":19,"column":4},"end":{"line":19,"column":null}},"12":{"start":{"line":20,"column":4},"end":{"line":20,"column":null}},"13":{"start":{"line":22,"column":4},"end":{"line":22,"column":null}},"14":{"start":{"line":23,"column":4},"end":{"line":23,"column":null}},"15":{"start":{"line":28,"column":2},"end":{"line":28,"column":null}},"16":{"start":{"line":32,"column":2},"end":{"line":35,"column":null}},"17":{"start":{"line":33,"column":4},"end":{"line":33,"column":null}},"18":{"start":{"line":34,"column":4},"end":{"line":34,"column":null}},"19":{"start":{"line":36,"column":2},"end":{"line":36,"column":null}},"20":{"start":{"line":40,"column":2},"end":{"line":43,"column":null}},"21":{"start":{"line":41,"column":4},"end":{"line":41,"column":null}},"22":{"start":{"line":42,"column":4},"end":{"line":42,"column":null}},"23":{"start":{"line":44,"column":2},"end":{"line":44,"column":null}},"24":{"start":{"line":48,"column":2},"end":{"line":50,"column":null}},"25":{"start":{"line":49,"column":4},"end":{"line":49,"column":null}},"26":{"start":{"line":52,"column":14},"end":{"line":52,"column":null}},"27":{"start":{"line":53,"column":2},"end":{"line":53,"column":null}},"28":{"start":{"line":57,"column":2},"end":{"line":57,"column":null}},"29":{"start":{"line":57,"column":16},"end":{"line":57,"column":null}},"30":{"start":{"line":58,"column":15},"end":{"line":58,"column":null}},"31":{"start":{"line":59,"column":12},"end":{"line":59,"column":null}},"32":{"start":{"line":60,"column":12},"end":{"line":60,"column":null}},"33":{"start":{"line":61,"column":12},"end":{"line":61,"column":null}},"34":{"start":{"line":62,"column":12},"end":{"line":62,"column":null}},"35":{"start":{"line":63,"column":14},"end":{"line":63,"column":null}},"36":{"start":{"line":64,"column":12},"end":{"line":64,"column":null}},"37":{"start":{"line":65,"column":2},"end":{"line":65,"column":null}},"38":{"start":{"line":69,"column":2},"end":{"line":69,"column":null}},"39":{"start":{"line":69,"column":32},"end":{"line":69,"column":null}},"40":{"start":{"line":70,"column":16},"end":{"line":70,"column":null}},"41":{"start":{"line":71,"column":18},"end":{"line":71,"column":null}},"42":{"start":{"line":72,"column":2},"end":{"line":72,"column":null}},"43":{"start":{"line":72,"column":17},"end":{"line":72,"column":null}},"44":{"start":{"line":73,"column":2},"end":{"line":73,"column":null}},"45":{"start":{"line":77,"column":2},"end":{"line":77,"column":null}},"46":{"start":{"line":77,"column":18},"end":{"line":77,"column":null}},"47":{"start":{"line":78,"column":2},"end":{"line":85,"column":null}},"48":{"start":{"line":79,"column":16},"end":{"line":79,"column":null}},"49":{"start":{"line":80,"column":4},"end":{"line":84,"column":null}},"50":{"start":{"line":81,"column":18},"end":{"line":81,"column":null}},"51":{"start":{"line":82,"column":21},"end":{"line":82,"column":null}},"52":{"start":{"line":83,"column":6},"end":{"line":83,"column":null}},"53":{"start":{"line":86,"column":2},"end":{"line":86,"column":null}}},"fnMap":{"0":{"name":"initCloudBase","decl":{"start":{"line":7,"column":22},"end":{"line":7,"column":35}},"loc":{"start":{"line":7,"column":38},"end":{"line":25,"column":null}},"line":7},"1":{"name":"isCloudReady","decl":{"start":{"line":27,"column":16},"end":{"line":27,"column":28}},"loc":{"start":{"line":27,"column":31},"end":{"line":29,"column":null}},"line":27},"2":{"name":"getDB","decl":{"start":{"line":31,"column":16},"end":{"line":31,"column":21}},"loc":{"start":{"line":31,"column":24},"end":{"line":37,"column":null}},"line":31},"3":{"name":"getApp","decl":{"start":{"line":39,"column":16},"end":{"line":39,"column":22}},"loc":{"start":{"line":39,"column":25},"end":{"line":45,"column":null}},"line":39},"4":{"name":"callCloudFunction","decl":{"start":{"line":47,"column":22},"end":{"line":47,"column":39}},"loc":{"start":{"line":47,"column":52},"end":{"line":54,"column":null}},"line":47},"5":{"name":"formatDate","decl":{"start":{"line":56,"column":16},"end":{"line":56,"column":26}},"loc":{"start":{"line":56,"column":36},"end":{"line":66,"column":null}},"line":56},"6":{"name":"formatDuration","decl":{"start":{"line":68,"column":16},"end":{"line":68,"column":30}},"loc":{"start":{"line":68,"column":40},"end":{"line":74,"column":null}},"line":68},"7":{"name":"getAvatarUrl","decl":{"start":{"line":76,"column":16},"end":{"line":76,"column":28}},"loc":{"start":{"line":76,"column":40},"end":{"line":87,"column":null}},"line":76}},"branchMap":{"0":{"loc":{"start":{"line":9,"column":4},"end":{"line":11,"column":null}},"type":"if","locations":[{"start":{"line":9,"column":4},"end":{"line":11,"column":null}},{"start":{},"end":{}}],"line":9},"1":{"loc":{"start":{"line":28,"column":9},"end":{"line":28,"column":null}},"type":"binary-expr","locations":[{"start":{"line":28,"column":9},"end":{"line":28,"column":22}},{"start":{"line":28,"column":26},"end":{"line":28,"column":null}}],"line":28},"2":{"loc":{"start":{"line":32,"column":2},"end":{"line":35,"column":null}},"type":"if","locations":[{"start":{"line":32,"column":2},"end":{"line":35,"column":null}},{"start":{},"end":{}}],"line":32},"3":{"loc":{"start":{"line":32,"column":6},"end":{"line":32,"column":27}},"type":"binary-expr","locations":[{"start":{"line":32,"column":6},"end":{"line":32,"column":20}},{"start":{"line":32,"column":24},"end":{"line":32,"column":27}}],"line":32},"4":{"loc":{"start":{"line":40,"column":2},"end":{"line":43,"column":null}},"type":"if","locations":[{"start":{"line":40,"column":2},"end":{"line":43,"column":null}},{"start":{},"end":{}}],"line":40},"5":{"loc":{"start":{"line":40,"column":6},"end":{"line":40,"column":28}},"type":"binary-expr","locations":[{"start":{"line":40,"column":6},"end":{"line":40,"column":20}},{"start":{"line":40,"column":24},"end":{"line":40,"column":28}}],"line":40},"6":{"loc":{"start":{"line":48,"column":2},"end":{"line":50,"column":null}},"type":"if","locations":[{"start":{"line":48,"column":2},"end":{"line":50,"column":null}},{"start":{},"end":{}}],"line":48},"7":{"loc":{"start":{"line":57,"column":2},"end":{"line":57,"column":null}},"type":"if","locations":[{"start":{"line":57,"column":2},"end":{"line":57,"column":null}},{"start":{},"end":{}}],"line":57},"8":{"loc":{"start":{"line":69,"column":2},"end":{"line":69,"column":null}},"type":"if","locations":[{"start":{"line":69,"column":2},"end":{"line":69,"column":null}},{"start":{},"end":{}}],"line":69},"9":{"loc":{"start":{"line":69,"column":6},"end":{"line":69,"column":30}},"type":"binary-expr","locations":[{"start":{"line":69,"column":6},"end":{"line":69,"column":14}},{"start":{"line":69,"column":18},"end":{"line":69,"column":30}}],"line":69},"10":{"loc":{"start":{"line":72,"column":2},"end":{"line":72,"column":null}},"type":"if","locations":[{"start":{"line":72,"column":2},"end":{"line":72,"column":null}},{"start":{},"end":{}}],"line":72},"11":{"loc":{"start":{"line":77,"column":2},"end":{"line":77,"column":null}},"type":"if","locations":[{"start":{"line":77,"column":2},"end":{"line":77,"column":null}},{"start":{},"end":{}}],"line":77},"12":{"loc":{"start":{"line":78,"column":2},"end":{"line":85,"column":null}},"type":"if","locations":[{"start":{"line":78,"column":2},"end":{"line":85,"column":null}},{"start":{},"end":{}}],"line":78},"13":{"loc":{"start":{"line":80,"column":4},"end":{"line":84,"column":null}},"type":"if","locations":[{"start":{"line":80,"column":4},"end":{"line":84,"column":null}},{"start":{},"end":{}}],"line":80}},"s":{"0":2,"1":2,"2":2,"3":0,"4":0,"5":0,"6":0,"7":0,"8":0,"9":0,"10":0,"11":0,"12":0,"13":0,"14":0,"15":0,"16":0,"17":0,"18":0,"19":0,"20":0,"21":0,"22":0,"23":0,"24":0,"25":0,"26":0,"27":0,"28":5,"29":3,"30":2,"31":2,"32":2,"33":2,"34":2,"35":2,"36":2,"37":2,"38":10,"39":4,"40":6,"41":6,"42":6,"43":4,"44":2,"45":6,"46":2,"47":4,"48":2,"49":2,"50":2,"51":2,"52":2,"53":2},"f":{"0":0,"1":0,"2":0,"3":0,"4":0,"5":5,"6":10,"7":6},"b":{"0":[0,0],"1":[0,0],"2":[0,0],"3":[0,0],"4":[0,0],"5":[0,0],"6":[0,0],"7":[3,2],"8":[4,6],"9":[10,7],"10":[4,2],"11":[2,4],"12":[2,2],"13":[2,0]},"meta":{"lastBranch":14,"lastFunction":8,"lastStatement":54,"seen":{"s:3:10:3:Infinity":0,"s:4:9:4:Infinity":1,"s:5:20:5:Infinity":2,"f:7:22:7:35":0,"s:8:2:24:Infinity":3,"b:9:4:11:Infinity:undefined:undefined:undefined:undefined":0,"s:9:4:11:Infinity":4,"s:10:6:10:Infinity":5,"s:13:4:13:Infinity":6,"s:14:17:14:Infinity":7,"s:15:4:15:Infinity":8,"s:16:4:16:Infinity":9,"s:17:4:17:Infinity":10,"s:19:4:19:Infinity":11,"s:20:4:20:Infinity":12,"s:22:4:22:Infinity":13,"s:23:4:23:Infinity":14,"f:27:16:27:28":1,"s:28:2:28:Infinity":15,"b:28:9:28:22:28:26:28:Infinity":1,"f:31:16:31:21":2,"b:32:2:35:Infinity:undefined:undefined:undefined:undefined":2,"s:32:2:35:Infinity":16,"b:32:6:32:20:32:24:32:27":3,"s:33:4:33:Infinity":17,"s:34:4:34:Infinity":18,"s:36:2:36:Infinity":19,"f:39:16:39:22":3,"b:40:2:43:Infinity:undefined:undefined:undefined:undefined":4,"s:40:2:43:Infinity":20,"b:40:6:40:20:40:24:40:28":5,"s:41:4:41:Infinity":21,"s:42:4:42:Infinity":22,"s:44:2:44:Infinity":23,"f:47:22:47:39":4,"b:48:2:50:Infinity:undefined:undefined:undefined:undefined":6,"s:48:2:50:Infinity":24,"s:49:4:49:Infinity":25,"s:52:14:52:Infinity":26,"s:53:2:53:Infinity":27,"f:56:16:56:26":5,"b:57:2:57:Infinity:undefined:undefined:undefined:undefined":7,"s:57:2:57:Infinity":28,"s:57:16:57:Infinity":29,"s:58:15:58:Infinity":30,"s:59:12:59:Infinity":31,"s:60:12:60:Infinity":32,"s:61:12:61:Infinity":33,"s:62:12:62:Infinity":34,"s:63:14:63:Infinity":35,"s:64:12:64:Infinity":36,"s:65:2:65:Infinity":37,"f:68:16:68:30":6,"b:69:2:69:Infinity:undefined:undefined:undefined:undefined":8,"s:69:2:69:Infinity":38,"b:69:6:69:14:69:18:69:30":9,"s:69:32:69:Infinity":39,"s:70:16:70:Infinity":40,"s:71:18:71:Infinity":41,"b:72:2:72:Infinity:undefined:undefined:undefined:undefined":10,"s:72:2:72:Infinity":42,"s:72:17:72:Infinity":43,"s:73:2:73:Infinity":44,"f:76:16:76:28":7,"b:77:2:77:Infinity:undefined:undefined:undefined:undefined":11,"s:77:2:77:Infinity":45,"s:77:18:77:Infinity":46,"b:78:2:85:Infinity:undefined:undefined:undefined:undefined":12,"s:78:2:85:Infinity":47,"s:79:16:79:Infinity":48,"b:80:4:84:Infinity:undefined:undefined:undefined:undefined":13,"s:80:4:84:Infinity":49,"s:81:18:81:Infinity":50,"s:82:21:82:Infinity":51,"s:83:6:83:Infinity":52,"s:86:2:86:Infinity":53}}}
,"C:\\Users\\Serkin\\Desktop\\USSR_S1\\Manage_end\\vue-admin\\src\\views\\AdminPanel.vue": {"path":"C:\\Users\\Serkin\\Desktop\\USSR_S1\\Manage_end\\vue-admin\\src\\views\\AdminPanel.vue","statementMap":{"0":{"start":{"line":84,"column":13},"end":{"line":84,"column":null}},"1":{"start":{"line":85,"column":13},"end":{"line":85,"column":null}},"2":{"start":{"line":86,"column":14},"end":{"line":86,"column":null}},"3":{"start":{"line":87,"column":13},"end":{"line":87,"column":null}},"4":{"start":{"line":89,"column":19},"end":{"line":89,"column":null}},"5":{"start":{"line":90,"column":18},"end":{"line":90,"column":null}},"6":{"start":{"line":91,"column":19},"end":{"line":91,"column":null}},"7":{"start":{"line":93,"column":20},"end":{"line":95,"column":null}},"8":{"start":{"line":94,"column":2},"end":{"line":94,"column":null}},"9":{"start":{"line":97,"column":18},"end":{"line":99,"column":null}},"10":{"start":{"line":98,"column":2},"end":{"line":98,"column":null}},"11":{"start":{"line":98,"column":40},"end":{"line":98,"column":62}},"12":{"start":{"line":101,"column":21},"end":{"line":112,"column":null}},"13":{"start":{"line":102,"column":17},"end":{"line":106,"column":null}},"14":{"start":{"line":107,"column":2},"end":{"line":110,"column":null}},"15":{"start":{"line":108,"column":18},"end":{"line":108,"column":null}},"16":{"start":{"line":109,"column":4},"end":{"line":109,"column":null}},"17":{"start":{"line":109,"column":23},"end":{"line":109,"column":null}},"18":{"start":{"line":111,"column":2},"end":{"line":111,"column":null}},"19":{"start":{"line":114,"column":24},"end":{"line":116,"column":null}},"20":{"start":{"line":115,"column":2},"end":{"line":115,"column":null}},"21":{"start":{"line":118,"column":22},"end":{"line":120,"column":null}},"22":{"start":{"line":119,"column":2},"end":{"line":119,"column":null}},"23":{"start":{"line":122,"column":19},"end":{"line":129,"column":null}},"24":{"start":{"line":123,"column":2},"end":{"line":123,"column":null}},"25":{"start":{"line":124,"column":2},"end":{"line":124,"column":null}},"26":{"start":{"line":125,"column":2},"end":{"line":128,"column":null}},"27":{"start":{"line":126,"column":4},"end":{"line":126,"column":null}},"28":{"start":{"line":127,"column":4},"end":{"line":127,"column":null}},"29":{"start":{"line":131,"column":21},"end":{"line":138,"column":null}},"30":{"start":{"line":132,"column":2},"end":{"line":137,"column":null}},"31":{"start":{"line":133,"column":4},"end":{"line":133,"column":null}},"32":{"start":{"line":134,"column":4},"end":{"line":134,"column":null}},"33":{"start":{"line":135,"column":4},"end":{"line":135,"column":null}},"34":{"start":{"line":136,"column":4},"end":{"line":136,"column":null}},"35":{"start":{"line":4,"column":11},"end":{"line":4,"column":null}},"36":{"start":{"line":5,"column":13},"end":{"line":5,"column":null}},"37":{"start":{"line":20,"column":11},"end":{"line":20,"column":null}},"38":{"start":{"line":30,"column":18},"end":{"line":30,"column":38}},"39":{"start":{"line":42,"column":14},"end":{"line":42,"column":null}},"40":{"start":{"line":43,"column":13},"end":{"line":43,"column":null}},"41":{"start":{"line":51,"column":15},"end":{"line":51,"column":null}},"42":{"start":{"line":52,"column":18},"end":{"line":52,"column":42}},"43":{"start":{"line":56,"column":13},"end":{"line":56,"column":null}},"44":{"start":{"line":72,"column":12},"end":{"line":72,"column":null}},"45":{"start":{"line":2,"column":35},"end":{"line":77,"column":43}},"46":{"start":{"line":21,"column":67},"end":{"line":31,"column":84}},"47":{"start":{"line":23,"column":10},"end":{"line":31,"column":84}},"48":{"start":{"line":30,"column":63},"end":{"line":31,"column":84}}},"fnMap":{"0":{"name":"(anonymous_0)","decl":{"start":{"line":93,"column":30},"end":{"line":93,"column":31}},"loc":{"start":{"line":93,"column":36},"end":{"line":95,"column":1}},"line":93},"1":{"name":"(anonymous_1)","decl":{"start":{"line":97,"column":28},"end":{"line":97,"column":29}},"loc":{"start":{"line":97,"column":34},"end":{"line":99,"column":1}},"line":97},"2":{"name":"(anonymous_2)","decl":{"start":{"line":98,"column":35},"end":{"line":98,"column":36}},"loc":{"start":{"line":98,"column":40},"end":{"line":98,"column":62}},"line":98},"3":{"name":"(anonymous_3)","decl":{"start":{"line":101,"column":31},"end":{"line":101,"column":32}},"loc":{"start":{"line":101,"column":37},"end":{"line":112,"column":1}},"line":101},"4":{"name":"(anonymous_4)","decl":{"start":{"line":107,"column":27},"end":{"line":107,"column":28}},"loc":{"start":{"line":107,"column":32},"end":{"line":110,"column":3}},"line":107},"5":{"name":"(anonymous_5)","decl":{"start":{"line":114,"column":34},"end":{"line":114,"column":35}},"loc":{"start":{"line":114,"column":40},"end":{"line":116,"column":1}},"line":114},"6":{"name":"(anonymous_6)","decl":{"start":{"line":118,"column":22},"end":{"line":118,"column":23}},"loc":{"start":{"line":118,"column":28},"end":{"line":120,"column":null}},"line":118},"7":{"name":"(anonymous_7)","decl":{"start":{"line":122,"column":19},"end":{"line":122,"column":20}},"loc":{"start":{"line":122,"column":25},"end":{"line":129,"column":null}},"line":122},"8":{"name":"(anonymous_8)","decl":{"start":{"line":125,"column":13},"end":{"line":125,"column":14}},"loc":{"start":{"line":125,"column":19},"end":{"line":128,"column":3}},"line":125},"9":{"name":"(anonymous_9)","decl":{"start":{"line":131,"column":21},"end":{"line":131,"column":22}},"loc":{"start":{"line":131,"column":27},"end":{"line":138,"column":null}},"line":131},"10":{"name":"(anonymous_10)","decl":{"start":{"line":21,"column":59},"end":{"line":21,"column":67}},"loc":{"start":{"line":21,"column":41},"end":{"line":31,"column":84}},"line":21},"11":{"name":"(anonymous_11)","decl":{"start":{"line":24,"column":40},"end":{"line":24,"column":null}},"loc":{"start":{"line":24,"column":24},"end":{"line":31,"column":84}},"line":24},"12":{"name":"(anonymous_12)","decl":{"start":{"line":30,"column":12},"end":{"line":30,"column":18}},"loc":{"start":{"line":30,"column":63},"end":{"line":31,"column":84}},"line":30}},"branchMap":{"0":{"loc":{"start":{"line":98,"column":40},"end":{"line":98,"column":62}},"type":"binary-expr","locations":[{"start":{"line":98,"column":40},"end":{"line":98,"column":46}},{"start":{"line":98,"column":50},"end":{"line":98,"column":62}}],"line":98},"1":{"loc":{"start":{"line":108,"column":18},"end":{"line":108,"column":null}},"type":"binary-expr","locations":[{"start":{"line":108,"column":18},"end":{"line":108,"column":30}},{"start":{"line":108,"column":34},"end":{"line":108,"column":null}}],"line":108},"2":{"loc":{"start":{"line":109,"column":4},"end":{"line":109,"column":null}},"type":"if","locations":[{"start":{"line":109,"column":4},"end":{"line":109,"column":null}},{"start":{},"end":{}}],"line":109},"3":{"loc":{"start":{"line":115,"column":9},"end":{"line":115,"column":null}},"type":"binary-expr","locations":[{"start":{"line":115,"column":9},"end":{"line":115,"column":26}},{"start":{"line":115,"column":30},"end":{"line":115,"column":null}}],"line":115},"4":{"loc":{"start":{"line":132,"column":2},"end":{"line":137,"column":null}},"type":"if","locations":[{"start":{"line":132,"column":2},"end":{"line":137,"column":null}},{"start":{},"end":{}}],"line":132},"5":{"loc":{"start":{"line":2,"column":35},"end":{"line":77,"column":43}},"type":"cond-expr","locations":[{"start":{"line":2,"column":2},"end":{"line":73,"column":42}},{"start":{"line":77,"column":2},"end":{"line":77,"column":43}}],"line":2},"6":{"loc":{"start":{"line":6,"column":10},"end":{"line":6,"column":41}},"type":"binary-expr","locations":[{"start":{"line":6,"column":10},"end":{"line":6,"column":15}},{"start":{"line":6,"column":10},"end":{"line":6,"column":41}}],"line":6},"7":{"loc":{"start":{"line":7,"column":22},"end":{"line":9,"column":47}},"type":"cond-expr","locations":[{"start":{"line":7,"column":10},"end":{"line":9,"column":47}}],"line":7},"8":{"loc":{"start":{"line":10,"column":16},"end":{"line":9,"column":47}},"type":"binary-expr","locations":[{"start":{"line":10,"column":16},"end":{"line":10,"column":null}},{"start":{"line":10,"column":16},"end":{"line":9,"column":47}}],"line":10},"9":{"loc":{"start":{"line":14,"column":25},"end":{"line":15,"column":null}},"type":"cond-expr","locations":[{"start":{"line":14,"column":12},"end":{"line":14,"column":null}},{"start":{"line":15,"column":12},"end":{"line":15,"column":null}}],"line":14},"10":{"loc":{"start":{"line":22,"column":22},"end":{"line":22,"column":82}},"type":"cond-expr","locations":[{"start":{"line":22,"column":10},"end":{"line":22,"column":82}}],"line":22},"11":{"loc":{"start":{"line":31,"column":25},"end":{"line":31,"column":84}},"type":"cond-expr","locations":[{"start":{"line":31,"column":12},"end":{"line":31,"column":84}}],"line":31},"12":{"loc":{"start":{"line":36,"column":18},"end":{"line":37,"column":51}},"type":"cond-expr","locations":[{"start":{"line":36,"column":6},"end":{"line":37,"column":51}}],"line":36},"13":{"loc":{"start":{"line":38,"column":12},"end":{"line":37,"column":51}},"type":"binary-expr","locations":[{"start":{"line":38,"column":12},"end":{"line":38,"column":null}},{"start":{"line":38,"column":12},"end":{"line":37,"column":51}}],"line":38},"14":{"loc":{"start":{"line":58,"column":12},"end":{"line":58,"column":42}},"type":"binary-expr","locations":[{"start":{"line":58,"column":12},"end":{"line":58,"column":18}},{"start":{"line":58,"column":12},"end":{"line":58,"column":42}}],"line":58}},"s":{"0":0,"1":0,"2":0,"3":0,"4":0,"5":0,"6":0,"7":0,"8":0,"9":0,"10":0,"11":0,"12":0,"13":0,"14":0,"15":0,"16":0,"17":0,"18":0,"19":0,"20":0,"21":0,"22":0,"23":0,"24":0,"25":0,"26":0,"27":0,"28":0,"29":0,"30":0,"31":0,"32":0,"33":0,"34":0,"35":0,"36":0,"37":0,"38":0,"39":0,"40":0,"41":0,"42":0,"43":0,"44":0,"45":0,"46":0,"47":0,"48":0},"f":{"0":0,"1":0,"2":0,"3":0,"4":0,"5":0,"6":0,"7":0,"8":0,"9":0,"10":0,"11":0,"12":0},"b":{"0":[0,0],"1":[0,0],"2":[0,0],"3":[0,0],"4":[0,0],"5":[0,0],"6":[0,0],"7":[0],"8":[0,0],"9":[0,0],"10":[0],"11":[0],"12":[0],"13":[0,0],"14":[0,0]},"meta":{"lastBranch":15,"lastFunction":13,"lastStatement":49,"seen":{"s:84:13:84:Infinity":0,"s:85:13:85:Infinity":1,"s:86:14:86:Infinity":2,"s:87:13:87:Infinity":3,"s:89:19:89:Infinity":4,"s:90:18:90:Infinity":5,"s:91:19:91:Infinity":6,"s:93:20:95:Infinity":7,"f:93:30:93:31":0,"s:94:2:94:Infinity":8,"s:97:18:99:Infinity":9,"f:97:28:97:29":1,"s:98:2:98:Infinity":10,"f:98:35:98:36":2,"s:98:40:98:62":11,"b:98:40:98:46:98:50:98:62":0,"s:101:21:112:Infinity":12,"f:101:31:101:32":3,"s:102:17:106:Infinity":13,"s:107:2:110:Infinity":14,"f:107:27:107:28":4,"s:108:18:108:Infinity":15,"b:108:18:108:30:108:34:108:Infinity":1,"b:109:4:109:Infinity:undefined:undefined:undefined:undefined":2,"s:109:4:109:Infinity":16,"s:109:23:109:Infinity":17,"s:111:2:111:Infinity":18,"s:114:24:116:Infinity":19,"f:114:34:114:35":5,"s:115:2:115:Infinity":20,"b:115:9:115:26:115:30:115:Infinity":3,"s:118:22:120:Infinity":21,"f:118:22:118:23":6,"s:119:2:119:Infinity":22,"s:122:19:129:Infinity":23,"f:122:19:122:20":7,"s:123:2:123:Infinity":24,"s:124:2:124:Infinity":25,"s:125:2:128:Infinity":26,"f:125:13:125:14":8,"s:126:4:126:Infinity":27,"s:127:4:127:Infinity":28,"s:131:21:138:Infinity":29,"f:131:21:131:22":9,"b:132:2:137:Infinity:undefined:undefined:undefined:undefined":4,"s:132:2:137:Infinity":30,"s:133:4:133:Infinity":31,"s:134:4:134:Infinity":32,"s:135:4:135:Infinity":33,"s:136:4:136:Infinity":34,"s:4:11:4:Infinity":35,"s:5:13:5:Infinity":36,"s:20:11:20:Infinity":37,"s:30:18:30:38":38,"s:42:14:42:Infinity":39,"s:43:13:43:Infinity":40,"s:51:15:51:Infinity":41,"s:52:18:52:42":42,"s:56:13:56:Infinity":43,"s:72:12:72:Infinity":44,"s:2:35:77:43":45,"b:2:2:73:42:77:2:77:43":5,"b:6:10:6:15:6:10:6:41":6,"b:7:10:9:47":7,"b:10:16:10:Infinity:10:16:9:47":8,"b:14:12:14:Infinity:15:12:15:Infinity":9,"f:21:59:21:67":10,"s:21:67:31:84":46,"b:22:10:22:82":10,"f:24:40:24:Infinity":11,"s:23:10:31:84":47,"f:30:12:30:18":12,"s:30:63:31:84":48,"b:31:12:31:84":11,"b:36:6:37:51":12,"b:38:12:38:Infinity:38:12:37:51":13,"b:58:12:58:18:58:12:58:42":14}}}
,"C:\\Users\\Serkin\\Desktop\\USSR_S1\\Manage_end\\vue-admin\\src\\views\\Announcements.vue": {"path":"C:\\Users\\Serkin\\Desktop\\USSR_S1\\Manage_end\\vue-admin\\src\\views\\Announcements.vue","statementMap":{"0":{"start":{"line":197,"column":13},"end":{"line":197,"column":29}},"1":{"start":{"line":198,"column":15},"end":{"line":198,"column":33}},"2":{"start":{"line":200,"column":24},"end":{"line":200,"column":32}},"3":{"start":{"line":201,"column":29},"end":{"line":201,"column":37}},"4":{"start":{"line":202,"column":18},"end":{"line":202,"column":26}},"5":{"start":{"line":203,"column":20},"end":{"line":203,"column":28}},"6":{"start":{"line":204,"column":17},"end":{"line":204,"column":28}},"7":{"start":{"line":205,"column":14},"end":{"line":205,"column":22}},"8":{"start":{"line":207,"column":16},"end":{"line":215,"column":2}},"9":{"start":{"line":217,"column":17},"end":{"line":225,"column":1}},"10":{"start":{"line":218,"column":14},"end":{"line":223,"column":3}},"11":{"start":{"line":224,"column":2},"end":{"line":224,"column":null}},"12":{"start":{"line":227,"column":26},"end":{"line":243,"column":1}},"13":{"start":{"line":228,"column":2},"end":{"line":228,"column":null}},"14":{"start":{"line":229,"column":2},"end":{"line":241,"column":null}},"15":{"start":{"line":230,"column":4},"end":{"line":230,"column":null}},"16":{"start":{"line":230,"column":25},"end":{"line":230,"column":null}},"17":{"start":{"line":231,"column":16},"end":{"line":233,"column":6}},"18":{"start":{"line":234,"column":4},"end":{"line":234,"column":null}},"19":{"start":{"line":235,"column":4},"end":{"line":235,"column":null}},"20":{"start":{"line":237,"column":4},"end":{"line":237,"column":null}},"21":{"start":{"line":238,"column":4},"end":{"line":238,"column":null}},"22":{"start":{"line":239,"column":4},"end":{"line":239,"column":null}},"23":{"start":{"line":240,"column":4},"end":{"line":240,"column":null}},"24":{"start":{"line":242,"column":2},"end":{"line":242,"column":null}},"25":{"start":{"line":245,"column":28},"end":{"line":257,"column":1}},"26":{"start":{"line":246,"column":2},"end":{"line":256,"column":null}},"27":{"start":{"line":248,"column":6},"end":{"line":248,"column":null}},"28":{"start":{"line":248,"column":59},"end":{"line":248,"column":null}},"29":{"start":{"line":249,"column":6},"end":{"line":249,"column":null}},"30":{"start":{"line":249,"column":65},"end":{"line":249,"column":null}},"31":{"start":{"line":250,"column":6},"end":{"line":250,"column":null}},"32":{"start":{"line":253,"column":6},"end":{"line":253,"column":null}},"33":{"start":{"line":253,"column":37},"end":{"line":253,"column":null}},"34":{"start":{"line":254,"column":6},"end":{"line":254,"column":null}},"35":{"start":{"line":254,"column":37},"end":{"line":254,"column":null}},"36":{"start":{"line":255,"column":6},"end":{"line":255,"column":null}},"37":{"start":{"line":259,"column":24},"end":{"line":271,"column":1}},"38":{"start":{"line":260,"column":2},"end":{"line":260,"column":null}},"39":{"start":{"line":261,"column":2},"end":{"line":269,"column":null}},"40":{"start":{"line":270,"column":2},"end":{"line":270,"column":null}},"41":{"start":{"line":273,"column":22},"end":{"line":289,"column":1}},"42":{"start":{"line":274,"column":2},"end":{"line":274,"column":null}},"43":{"start":{"line":275,"column":2},"end":{"line":287,"column":null}},"44":{"start":{"line":288,"column":2},"end":{"line":288,"column":null}},"45":{"start":{"line":291,"column":25},"end":{"line":333,"column":1}},"46":{"start":{"line":292,"column":2},"end":{"line":295,"column":null}},"47":{"start":{"line":293,"column":4},"end":{"line":293,"column":null}},"48":{"start":{"line":294,"column":4},"end":{"line":294,"column":null}},"49":{"start":{"line":297,"column":2},"end":{"line":297,"column":null}},"50":{"start":{"line":298,"column":2},"end":{"line":331,"column":null}},"51":{"start":{"line":299,"column":4},"end":{"line":299,"column":null}},"52":{"start":{"line":299,"column":25},"end":{"line":299,"column":null}},"53":{"start":{"line":301,"column":29},"end":{"line":311,"column":5}},"54":{"start":{"line":313,"column":16},"end":{"line":317,"column":6}},"55":{"start":{"line":319,"column":4},"end":{"line":328,"column":null}},"56":{"start":{"line":320,"column":6},"end":{"line":323,"column":null}},"57":{"start":{"line":324,"column":6},"end":{"line":324,"column":null}},"58":{"start":{"line":325,"column":6},"end":{"line":325,"column":null}},"59":{"start":{"line":327,"column":6},"end":{"line":327,"column":null}},"60":{"start":{"line":330,"column":4},"end":{"line":330,"column":null}},"61":{"start":{"line":332,"column":2},"end":{"line":332,"column":null}},"62":{"start":{"line":335,"column":21},"end":{"line":357,"column":1}},"63":{"start":{"line":336,"column":2},"end":{"line":336,"column":null}},"64":{"start":{"line":337,"column":2},"end":{"line":355,"column":null}},"65":{"start":{"line":338,"column":4},"end":{"line":338,"column":null}},"66":{"start":{"line":338,"column":25},"end":{"line":338,"column":null}},"67":{"start":{"line":339,"column":16},"end":{"line":343,"column":6}},"68":{"start":{"line":344,"column":4},"end":{"line":352,"column":null}},"69":{"start":{"line":345,"column":6},"end":{"line":348,"column":null}},"70":{"start":{"line":349,"column":6},"end":{"line":349,"column":null}},"71":{"start":{"line":351,"column":6},"end":{"line":351,"column":null}},"72":{"start":{"line":354,"column":4},"end":{"line":354,"column":null}},"73":{"start":{"line":356,"column":2},"end":{"line":356,"column":null}},"74":{"start":{"line":359,"column":18},"end":{"line":381,"column":1}},"75":{"start":{"line":360,"column":2},"end":{"line":360,"column":null}},"76":{"start":{"line":361,"column":2},"end":{"line":379,"column":null}},"77":{"start":{"line":362,"column":4},"end":{"line":362,"column":null}},"78":{"start":{"line":362,"column":25},"end":{"line":362,"column":null}},"79":{"start":{"line":363,"column":16},"end":{"line":367,"column":6}},"80":{"start":{"line":368,"column":4},"end":{"line":376,"column":null}},"81":{"start":{"line":369,"column":6},"end":{"line":372,"column":null}},"82":{"start":{"line":373,"column":6},"end":{"line":373,"column":null}},"83":{"start":{"line":375,"column":6},"end":{"line":375,"column":null}},"84":{"start":{"line":378,"column":4},"end":{"line":378,"column":null}},"85":{"start":{"line":380,"column":2},"end":{"line":380,"column":null}},"86":{"start":{"line":383,"column":27},"end":{"line":402,"column":1}},"87":{"start":{"line":384,"column":2},"end":{"line":384,"column":null}},"88":{"start":{"line":384,"column":30},"end":{"line":384,"column":null}},"89":{"start":{"line":385,"column":2},"end":{"line":385,"column":null}},"90":{"start":{"line":386,"column":2},"end":{"line":400,"column":null}},"91":{"start":{"line":387,"column":4},"end":{"line":387,"column":null}},"92":{"start":{"line":387,"column":25},"end":{"line":387,"column":null}},"93":{"start":{"line":388,"column":16},"end":{"line":391,"column":6}},"94":{"start":{"line":392,"column":4},"end":{"line":397,"column":null}},"95":{"start":{"line":393,"column":6},"end":{"line":393,"column":null}},"96":{"start":{"line":394,"column":6},"end":{"line":394,"column":null}},"97":{"start":{"line":396,"column":6},"end":{"line":396,"column":null}},"98":{"start":{"line":399,"column":4},"end":{"line":399,"column":null}},"99":{"start":{"line":401,"column":2},"end":{"line":401,"column":null}},"100":{"start":{"line":404,"column":19},"end":{"line":404,"column":26}},"101":{"start":{"line":406,"column":0},"end":{"line":406,"column":null}},"102":{"start":{"line":3,"column":9},"end":{"line":3,"column":null}},"103":{"start":{"line":4,"column":11},"end":{"line":4,"column":null}},"104":{"start":{"line":41,"column":13},"end":{"line":41,"column":null}},"105":{"start":{"line":42,"column":15},"end":{"line":42,"column":null}},"106":{"start":{"line":53,"column":18},"end":{"line":53,"column":40}},"107":{"start":{"line":55,"column":15},"end":{"line":55,"column":null}},"108":{"start":{"line":56,"column":18},"end":{"line":56,"column":39}},"109":{"start":{"line":59,"column":13},"end":{"line":59,"column":34}},"110":{"start":{"line":60,"column":13},"end":{"line":60,"column":null}},"111":{"start":{"line":61,"column":15},"end":{"line":61,"column":null}},"112":{"start":{"line":68,"column":15},"end":{"line":68,"column":null}},"113":{"start":{"line":108,"column":11},"end":{"line":108,"column":null}},"114":{"start":{"line":116,"column":11},"end":{"line":116,"column":null}},"115":{"start":{"line":135,"column":11},"end":{"line":135,"column":null}},"116":{"start":{"line":136,"column":13},"end":{"line":136,"column":null}},"117":{"start":{"line":149,"column":13},"end":{"line":149,"column":null}},"118":{"start":{"line":161,"column":11},"end":{"line":161,"column":null}},"119":{"start":{"line":162,"column":13},"end":{"line":162,"column":null}},"120":{"start":{"line":166,"column":13},"end":{"line":166,"column":null}},"121":{"start":{"line":171,"column":11},"end":{"line":171,"column":null}},"122":{"start":{"line":173,"column":10},"end":{"line":173,"column":null}},"123":{"start":{"line":2,"column":2},"end":{"line":181,"column":16}},"124":{"start":{"line":6,"column":19},"end":{"line":6,"column":null}},"125":{"start":{"line":17,"column":19},"end":{"line":17,"column":null}},"126":{"start":{"line":35,"column":6},"end":{"line":91,"column":21}},"127":{"start":{"line":72,"column":22},"end":{"line":72,"column":null}},"128":{"start":{"line":79,"column":22},"end":{"line":79,"column":null}},"129":{"start":{"line":83,"column":50},"end":{"line":83,"column":null}},"130":{"start":{"line":86,"column":52},"end":{"line":86,"column":73}},"131":{"start":{"line":89,"column":51},"end":{"line":89,"column":77}},"132":{"start":{"line":105,"column":14},"end":{"line":105,"column":null}},"133":{"start":{"line":115,"column":12},"end":{"line":181,"column":16}},"134":{"start":{"line":111,"column":19},"end":{"line":111,"column":null}},"135":{"start":{"line":119,"column":19},"end":{"line":119,"column":null}},"136":{"start":{"line":139,"column":21},"end":{"line":139,"column":null}},"137":{"start":{"line":152,"column":21},"end":{"line":152,"column":null}},"138":{"start":{"line":164,"column":26},"end":{"line":164,"column":46}},"139":{"start":{"line":168,"column":26},"end":{"line":168,"column":44}},"140":{"start":{"line":176,"column":21},"end":{"line":176,"column":null}}},"fnMap":{"0":{"name":"(anonymous_0)","decl":{"start":{"line":217,"column":17},"end":{"line":217,"column":18}},"loc":{"start":{"line":217,"column":27},"end":{"line":225,"column":1}},"line":217},"1":{"name":"(anonymous_1)","decl":{"start":{"line":227,"column":26},"end":{"line":227,"column":31}},"loc":{"start":{"line":227,"column":38},"end":{"line":243,"column":1}},"line":227},"2":{"name":"(anonymous_2)","decl":{"start":{"line":245,"column":28},"end":{"line":245,"column":29}},"loc":{"start":{"line":245,"column":34},"end":{"line":257,"column":1}},"line":245},"3":{"name":"(anonymous_3)","decl":{"start":{"line":247,"column":12},"end":{"line":247,"column":13}},"loc":{"start":{"line":247,"column":19},"end":{"line":251,"column":5}},"line":247},"4":{"name":"(anonymous_4)","decl":{"start":{"line":252,"column":10},"end":{"line":252,"column":11}},"loc":{"start":{"line":252,"column":20},"end":{"line":256,"column":5}},"line":252},"5":{"name":"(anonymous_5)","decl":{"start":{"line":259,"column":24},"end":{"line":259,"column":25}},"loc":{"start":{"line":259,"column":30},"end":{"line":271,"column":1}},"line":259},"6":{"name":"(anonymous_6)","decl":{"start":{"line":273,"column":22},"end":{"line":273,"column":23}},"loc":{"start":{"line":273,"column":32},"end":{"line":289,"column":1}},"line":273},"7":{"name":"(anonymous_7)","decl":{"start":{"line":291,"column":25},"end":{"line":291,"column":30}},"loc":{"start":{"line":291,"column":37},"end":{"line":333,"column":1}},"line":291},"8":{"name":"(anonymous_8)","decl":{"start":{"line":335,"column":21},"end":{"line":335,"column":26}},"loc":{"start":{"line":335,"column":48},"end":{"line":357,"column":1}},"line":335},"9":{"name":"(anonymous_9)","decl":{"start":{"line":359,"column":18},"end":{"line":359,"column":23}},"loc":{"start":{"line":359,"column":34},"end":{"line":381,"column":1}},"line":359},"10":{"name":"(anonymous_10)","decl":{"start":{"line":383,"column":27},"end":{"line":383,"column":32}},"loc":{"start":{"line":383,"column":43},"end":{"line":402,"column":1}},"line":383},"11":{"name":"(anonymous_11)","decl":{"start":{"line":6,"column":19},"end":{"line":6,"column":29}},"loc":{"start":{"line":6,"column":19},"end":{"line":6,"column":null}},"line":6},"12":{"name":"(anonymous_12)","decl":{"start":{"line":17,"column":19},"end":{"line":17,"column":31}},"loc":{"start":{"line":17,"column":19},"end":{"line":17,"column":null}},"line":17},"13":{"name":"(anonymous_13)","decl":{"start":{"line":36,"column":44},"end":{"line":36,"column":null}},"loc":{"start":{"line":36,"column":19},"end":{"line":91,"column":21}},"line":36},"14":{"name":"(anonymous_14)","decl":{"start":{"line":72,"column":20},"end":{"line":72,"column":22}},"loc":{"start":{"line":72,"column":22},"end":{"line":72,"column":null}},"line":72},"15":{"name":"(anonymous_15)","decl":{"start":{"line":79,"column":20},"end":{"line":79,"column":22}},"loc":{"start":{"line":79,"column":22},"end":{"line":79,"column":null}},"line":79},"16":{"name":"(anonymous_16)","decl":{"start":{"line":83,"column":48},"end":{"line":83,"column":50}},"loc":{"start":{"line":83,"column":50},"end":{"line":83,"column":null}},"line":83},"17":{"name":"(anonymous_17)","decl":{"start":{"line":86,"column":50},"end":{"line":86,"column":52}},"loc":{"start":{"line":86,"column":52},"end":{"line":86,"column":73}},"line":86},"18":{"name":"(anonymous_18)","decl":{"start":{"line":89,"column":49},"end":{"line":89,"column":51}},"loc":{"start":{"line":89,"column":51},"end":{"line":89,"column":77}},"line":89},"19":{"name":"(anonymous_19)","decl":{"start":{"line":105,"column":12},"end":{"line":105,"column":14}},"loc":{"start":{"line":105,"column":14},"end":{"line":105,"column":null}},"line":105},"20":{"name":"(anonymous_20)","decl":{"start":{"line":108,"column":6},"end":{"line":108,"column":11}},"loc":{"start":{"line":115,"column":12},"end":{"line":181,"column":16}},"line":115},"21":{"name":"(anonymous_21)","decl":{"start":{"line":111,"column":19},"end":{"line":111,"column":27}},"loc":{"start":{"line":111,"column":19},"end":{"line":111,"column":null}},"line":111},"22":{"name":"(anonymous_22)","decl":{"start":{"line":119,"column":19},"end":{"line":119,"column":27}},"loc":{"start":{"line":119,"column":19},"end":{"line":119,"column":null}},"line":119},"23":{"name":"(anonymous_23)","decl":{"start":{"line":139,"column":21},"end":{"line":139,"column":29}},"loc":{"start":{"line":139,"column":21},"end":{"line":139,"column":null}},"line":139},"24":{"name":"(anonymous_24)","decl":{"start":{"line":152,"column":21},"end":{"line":152,"column":29}},"loc":{"start":{"line":152,"column":21},"end":{"line":152,"column":null}},"line":152},"25":{"name":"(anonymous_25)","decl":{"start":{"line":164,"column":26},"end":{"line":164,"column":34}},"loc":{"start":{"line":164,"column":26},"end":{"line":164,"column":46}},"line":164},"26":{"name":"(anonymous_26)","decl":{"start":{"line":168,"column":26},"end":{"line":168,"column":34}},"loc":{"start":{"line":168,"column":26},"end":{"line":168,"column":44}},"line":168},"27":{"name":"(anonymous_27)","decl":{"start":{"line":176,"column":21},"end":{"line":176,"column":29}},"loc":{"start":{"line":176,"column":21},"end":{"line":176,"column":null}},"line":176}},"branchMap":{"0":{"loc":{"start":{"line":224,"column":9},"end":{"line":224,"column":26}},"type":"binary-expr","locations":[{"start":{"line":224,"column":9},"end":{"line":224,"column":18}},{"start":{"line":224,"column":22},"end":{"line":224,"column":26}}],"line":224},"1":{"loc":{"start":{"line":230,"column":4},"end":{"line":230,"column":null}},"type":"if","locations":[{"start":{"line":230,"column":4},"end":{"line":230,"column":null}},{"start":{},"end":{}}],"line":230},"2":{"loc":{"start":{"line":234,"column":29},"end":{"line":234,"column":75}},"type":"cond-expr","locations":[{"start":{"line":234,"column":62},"end":{"line":234,"column":70}},{"start":{"line":234,"column":73},"end":{"line":234,"column":75}}],"line":234},"3":{"loc":{"start":{"line":234,"column":29},"end":{"line":234,"column":59}},"type":"binary-expr","locations":[{"start":{"line":234,"column":29},"end":{"line":234,"column":32}},{"start":{"line":234,"column":36},"end":{"line":234,"column":47}},{"start":{"line":234,"column":51},"end":{"line":234,"column":59}}],"line":234},"4":{"loc":{"start":{"line":248,"column":6},"end":{"line":248,"column":null}},"type":"if","locations":[{"start":{"line":248,"column":6},"end":{"line":248,"column":null}},{"start":{},"end":{}}],"line":248},"5":{"loc":{"start":{"line":248,"column":10},"end":{"line":248,"column":57}},"type":"binary-expr","locations":[{"start":{"line":248,"column":10},"end":{"line":248,"column":26}},{"start":{"line":248,"column":30},"end":{"line":248,"column":57}}],"line":248},"6":{"loc":{"start":{"line":249,"column":6},"end":{"line":249,"column":null}},"type":"if","locations":[{"start":{"line":249,"column":6},"end":{"line":249,"column":null}},{"start":{},"end":{}}],"line":249},"7":{"loc":{"start":{"line":249,"column":10},"end":{"line":249,"column":63}},"type":"binary-expr","locations":[{"start":{"line":249,"column":10},"end":{"line":249,"column":28}},{"start":{"line":249,"column":32},"end":{"line":249,"column":63}}],"line":249},"8":{"loc":{"start":{"line":253,"column":6},"end":{"line":253,"column":null}},"type":"if","locations":[{"start":{"line":253,"column":6},"end":{"line":253,"column":null}},{"start":{},"end":{}}],"line":253},"9":{"loc":{"start":{"line":253,"column":10},"end":{"line":253,"column":35}},"type":"binary-expr","locations":[{"start":{"line":253,"column":10},"end":{"line":253,"column":20}},{"start":{"line":253,"column":24},"end":{"line":253,"column":35}}],"line":253},"10":{"loc":{"start":{"line":254,"column":6},"end":{"line":254,"column":null}},"type":"if","locations":[{"start":{"line":254,"column":6},"end":{"line":254,"column":null}},{"start":{},"end":{}}],"line":254},"11":{"loc":{"start":{"line":254,"column":10},"end":{"line":254,"column":35}},"type":"binary-expr","locations":[{"start":{"line":254,"column":10},"end":{"line":254,"column":21}},{"start":{"line":254,"column":25},"end":{"line":254,"column":35}}],"line":254},"12":{"loc":{"start":{"line":276,"column":11},"end":{"line":276,"column":27}},"type":"binary-expr","locations":[{"start":{"line":276,"column":11},"end":{"line":276,"column":21}},{"start":{"line":276,"column":25},"end":{"line":276,"column":27}}],"line":276},"13":{"loc":{"start":{"line":277,"column":13},"end":{"line":277,"column":31}},"type":"binary-expr","locations":[{"start":{"line":277,"column":13},"end":{"line":277,"column":25}},{"start":{"line":277,"column":29},"end":{"line":277,"column":31}}],"line":277},"14":{"loc":{"start":{"line":278,"column":10},"end":{"line":278,"column":31}},"type":"binary-expr","locations":[{"start":{"line":278,"column":10},"end":{"line":278,"column":19}},{"start":{"line":278,"column":23},"end":{"line":278,"column":31}}],"line":278},"15":{"loc":{"start":{"line":279,"column":12},"end":{"line":279,"column":35}},"type":"binary-expr","locations":[{"start":{"line":279,"column":12},"end":{"line":279,"column":23}},{"start":{"line":279,"column":27},"end":{"line":279,"column":35}}],"line":279},"16":{"loc":{"start":{"line":280,"column":15},"end":{"line":282,"column":10}},"type":"cond-expr","locations":[{"start":{"line":281,"column":8},"end":{"line":281,"column":null}},{"start":{"line":282,"column":8},"end":{"line":282,"column":10}}],"line":280},"17":{"loc":{"start":{"line":283,"column":13},"end":{"line":285,"column":10}},"type":"cond-expr","locations":[{"start":{"line":284,"column":8},"end":{"line":284,"column":null}},{"start":{"line":285,"column":8},"end":{"line":285,"column":10}}],"line":283},"18":{"loc":{"start":{"line":286,"column":14},"end":{"line":286,"column":36}},"type":"binary-expr","locations":[{"start":{"line":286,"column":14},"end":{"line":286,"column":27}},{"start":{"line":286,"column":31},"end":{"line":286,"column":36}}],"line":286},"19":{"loc":{"start":{"line":292,"column":2},"end":{"line":295,"column":null}},"type":"if","locations":[{"start":{"line":292,"column":2},"end":{"line":295,"column":null}},{"start":{},"end":{}}],"line":292},"20":{"loc":{"start":{"line":292,"column":6},"end":{"line":292,"column":54}},"type":"binary-expr","locations":[{"start":{"line":292,"column":6},"end":{"line":292,"column":27}},{"start":{"line":292,"column":31},"end":{"line":292,"column":54}}],"line":292},"21":{"loc":{"start":{"line":299,"column":4},"end":{"line":299,"column":null}},"type":"if","locations":[{"start":{"line":299,"column":4},"end":{"line":299,"column":null}},{"start":{},"end":{}}],"line":299},"22":{"loc":{"start":{"line":306,"column":17},"end":{"line":308,"column":14}},"type":"cond-expr","locations":[{"start":{"line":307,"column":10},"end":{"line":307,"column":null}},{"start":{"line":308,"column":10},"end":{"line":308,"column":14}}],"line":306},"23":{"loc":{"start":{"line":309,"column":15},"end":{"line":309,"column":79}},"type":"cond-expr","locations":[{"start":{"line":309,"column":40},"end":{"line":309,"column":72}},{"start":{"line":309,"column":75},"end":{"line":309,"column":79}}],"line":309},"24":{"loc":{"start":{"line":310,"column":16},"end":{"line":310,"column":48}},"type":"binary-expr","locations":[{"start":{"line":310,"column":16},"end":{"line":310,"column":39}},{"start":{"line":310,"column":43},"end":{"line":310,"column":48}}],"line":310},"25":{"loc":{"start":{"line":316,"column":14},"end":{"line":316,"column":34}},"type":"binary-expr","locations":[{"start":{"line":316,"column":14},"end":{"line":316,"column":26}},{"start":{"line":316,"column":30},"end":{"line":316,"column":34}}],"line":316},"26":{"loc":{"start":{"line":319,"column":4},"end":{"line":328,"column":null}},"type":"if","locations":[{"start":{"line":319,"column":4},"end":{"line":328,"column":null}},{"start":{"line":326,"column":11},"end":{"line":328,"column":null}}],"line":319},"27":{"loc":{"start":{"line":319,"column":8},"end":{"line":319,"column":26}},"type":"binary-expr","locations":[{"start":{"line":319,"column":8},"end":{"line":319,"column":11}},{"start":{"line":319,"column":15},"end":{"line":319,"column":26}}],"line":319},"28":{"loc":{"start":{"line":321,"column":8},"end":{"line":321,"column":40}},"type":"cond-expr","locations":[{"start":{"line":321,"column":23},"end":{"line":321,"column":30}},{"start":{"line":321,"column":33},"end":{"line":321,"column":40}}],"line":321},"29":{"loc":{"start":{"line":327,"column":41},"end":{"line":327,"column":60}},"type":"binary-expr","locations":[{"start":{"line":327,"column":41},"end":{"line":327,"column":50}},{"start":{"line":327,"column":54},"end":{"line":327,"column":60}}],"line":327},"30":{"loc":{"start":{"line":338,"column":4},"end":{"line":338,"column":null}},"type":"if","locations":[{"start":{"line":338,"column":4},"end":{"line":338,"column":null}},{"start":{},"end":{}}],"line":338},"31":{"loc":{"start":{"line":344,"column":4},"end":{"line":352,"column":null}},"type":"if","locations":[{"start":{"line":344,"column":4},"end":{"line":352,"column":null}},{"start":{"line":350,"column":11},"end":{"line":352,"column":null}}],"line":344},"32":{"loc":{"start":{"line":344,"column":8},"end":{"line":344,"column":26}},"type":"binary-expr","locations":[{"start":{"line":344,"column":8},"end":{"line":344,"column":11}},{"start":{"line":344,"column":15},"end":{"line":344,"column":26}}],"line":344},"33":{"loc":{"start":{"line":346,"column":8},"end":{"line":346,"column":50}},"type":"cond-expr","locations":[{"start":{"line":346,"column":33},"end":{"line":346,"column":40}},{"start":{"line":346,"column":43},"end":{"line":346,"column":50}}],"line":346},"34":{"loc":{"start":{"line":362,"column":4},"end":{"line":362,"column":null}},"type":"if","locations":[{"start":{"line":362,"column":4},"end":{"line":362,"column":null}},{"start":{},"end":{}}],"line":362},"35":{"loc":{"start":{"line":368,"column":4},"end":{"line":376,"column":null}},"type":"if","locations":[{"start":{"line":368,"column":4},"end":{"line":376,"column":null}},{"start":{"line":374,"column":11},"end":{"line":376,"column":null}}],"line":368},"36":{"loc":{"start":{"line":368,"column":8},"end":{"line":368,"column":26}},"type":"binary-expr","locations":[{"start":{"line":368,"column":8},"end":{"line":368,"column":11}},{"start":{"line":368,"column":15},"end":{"line":368,"column":26}}],"line":368},"37":{"loc":{"start":{"line":370,"column":8},"end":{"line":370,"column":39}},"type":"cond-expr","locations":[{"start":{"line":370,"column":24},"end":{"line":370,"column":31}},{"start":{"line":370,"column":34},"end":{"line":370,"column":39}}],"line":370},"38":{"loc":{"start":{"line":384,"column":2},"end":{"line":384,"column":null}},"type":"if","locations":[{"start":{"line":384,"column":2},"end":{"line":384,"column":null}},{"start":{},"end":{}}],"line":384},"39":{"loc":{"start":{"line":387,"column":4},"end":{"line":387,"column":null}},"type":"if","locations":[{"start":{"line":387,"column":4},"end":{"line":387,"column":null}},{"start":{},"end":{}}],"line":387},"40":{"loc":{"start":{"line":392,"column":4},"end":{"line":397,"column":null}},"type":"if","locations":[{"start":{"line":392,"column":4},"end":{"line":397,"column":null}},{"start":{"line":395,"column":11},"end":{"line":397,"column":null}}],"line":392},"41":{"loc":{"start":{"line":392,"column":8},"end":{"line":392,"column":26}},"type":"binary-expr","locations":[{"start":{"line":392,"column":8},"end":{"line":392,"column":11}},{"start":{"line":392,"column":15},"end":{"line":392,"column":26}}],"line":392},"42":{"loc":{"start":{"line":6,"column":19},"end":{"line":6,"column":null}},"type":"binary-expr","locations":[{"start":{"line":6,"column":19},"end":{"line":6,"column":29}},{"start":{"line":6,"column":19},"end":{"line":6,"column":null}}],"line":6},"43":{"loc":{"start":{"line":17,"column":19},"end":{"line":17,"column":null}},"type":"binary-expr","locations":[{"start":{"line":17,"column":19},"end":{"line":17,"column":31}},{"start":{"line":17,"column":19},"end":{"line":17,"column":null}}],"line":17},"44":{"loc":{"start":{"line":34,"column":41},"end":{"line":100,"column":10}},"type":"cond-expr","locations":[{"start":{"line":34,"column":4},"end":{"line":91,"column":21}},{"start":{"line":97,"column":4},"end":{"line":100,"column":10}}],"line":34},"45":{"loc":{"start":{"line":46,"column":24},"end":{"line":46,"column":69}},"type":"cond-expr","locations":[{"start":{"line":46,"column":12},"end":{"line":46,"column":69}}],"line":46},"46":{"loc":{"start":{"line":48,"column":70},"end":{"line":48,"column":null}},"type":"cond-expr","locations":[{"start":{"line":48,"column":81},"end":{"line":48,"column":null}},{"start":{"line":48,"column":81},"end":{"line":48,"column":null}}],"line":48},"47":{"loc":{"start":{"line":62,"column":24},"end":{"line":66,"column":36}},"type":"cond-expr","locations":[{"start":{"line":62,"column":12},"end":{"line":64,"column":null}},{"start":{"line":66,"column":12},"end":{"line":66,"column":36}}],"line":62},"48":{"loc":{"start":{"line":70,"column":20},"end":{"l
[...]
ne":201,"column":6},"end":{"line":201,"column":null}},"36":{"start":{"line":204,"column":14},"end":{"line":204,"column":22}},"37":{"start":{"line":205,"column":4},"end":{"line":207,"column":null}},"38":{"start":{"line":206,"column":6},"end":{"line":206,"column":null}},"39":{"start":{"line":209,"column":16},"end":{"line":213,"column":12}},"40":{"start":{"line":214,"column":4},"end":{"line":214,"column":null}},"41":{"start":{"line":215,"column":4},"end":{"line":215,"column":null}},"42":{"start":{"line":217,"column":4},"end":{"line":217,"column":null}},"43":{"start":{"line":218,"column":4},"end":{"line":218,"column":null}},"44":{"start":{"line":220,"column":2},"end":{"line":220,"column":null}},"45":{"start":{"line":223,"column":20},"end":{"line":235,"column":1}},"46":{"start":{"line":224,"column":2},"end":{"line":233,"column":null}},"47":{"start":{"line":225,"column":4},"end":{"line":225,"column":null}},"48":{"start":{"line":227,"column":19},"end":{"line":227,"column":49}},"49":{"start":{"line":228,"column":4},"end":{"line":232,"column":null}},"50":{"start":{"line":229,"column":23},"end":{"line":229,"column":58}},"51":{"start":{"line":230,"column":21},"end":{"line":230,"column":55}},"52":{"start":{"line":231,"column":6},"end":{"line":231,"column":null}},"53":{"start":{"line":234,"column":2},"end":{"line":234,"column":null}},"54":{"start":{"line":237,"column":19},"end":{"line":240,"column":1}},"55":{"start":{"line":238,"column":2},"end":{"line":238,"column":null}},"56":{"start":{"line":239,"column":2},"end":{"line":239,"column":null}},"57":{"start":{"line":242,"column":25},"end":{"line":245,"column":1}},"58":{"start":{"line":243,"column":2},"end":{"line":243,"column":null}},"59":{"start":{"line":244,"column":2},"end":{"line":244,"column":null}},"60":{"start":{"line":247,"column":19},"end":{"line":247,"column":26}},"61":{"start":{"line":248,"column":23},"end":{"line":248,"column":34}},"62":{"start":{"line":250,"column":0},"end":{"line":250,"column":null}},"63":{"start":{"line":4,"column":11},"end":{"line":4,"column":null}},"64":{"start":{"line":6,"column":13},"end":{"line":6,"column":31}},"65":{"start":{"line":8,"column":11},"end":{"line":8,"column":null}},"66":{"start":{"line":10,"column":13},"end":{"line":10,"column":31}},"67":{"start":{"line":12,"column":11},"end":{"line":12,"column":null}},"68":{"start":{"line":14,"column":13},"end":{"line":14,"column":31}},"69":{"start":{"line":18,"column":9},"end":{"line":18,"column":null}},"70":{"start":{"line":19,"column":11},"end":{"line":19,"column":null}},"71":{"start":{"line":31,"column":9},"end":{"line":31,"column":null}},"72":{"start":{"line":102,"column":12},"end":{"line":102,"column":68}},"73":{"start":{"line":112,"column":13},"end":{"line":112,"column":37}},"74":{"start":{"line":115,"column":13},"end":{"line":115,"column":null}},"75":{"start":{"line":120,"column":13},"end":{"line":120,"column":null}},"76":{"start":{"line":130,"column":13},"end":{"line":130,"column":null}},"77":{"start":{"line":135,"column":13},"end":{"line":135,"column":37}},"78":{"start":{"line":138,"column":13},"end":{"line":138,"column":37}},"79":{"start":{"line":2,"column":2},"end":{"line":138,"column":80}},"80":{"start":{"line":21,"column":19},"end":{"line":21,"column":null}},"81":{"start":{"line":45,"column":10},"end":{"line":66,"column":23}},"82":{"start":{"line":64,"column":54},"end":{"line":64,"column":72}},"83":{"start":{"line":83,"column":16},"end":{"line":83,"column":null}},"84":{"start":{"line":87,"column":6},"end":{"line":93,"column":null}},"85":{"start":{"line":91,"column":16},"end":{"line":91,"column":34}},"86":{"start":{"line":98,"column":16},"end":{"line":98,"column":null}},"87":{"start":{"line":139,"column":12},"end":{"line":138,"column":80}}},"fnMap":{"0":{"name":"(anonymous_0)","decl":{"start":{"line":167,"column":27},"end":{"line":167,"column":28}},"loc":{"start":{"line":167,"column":33},"end":{"line":175,"column":1}},"line":167},"1":{"name":"(anonymous_1)","decl":{"start":{"line":170,"column":4},"end":{"line":170,"column":5}},"loc":{"start":{"line":170,"column":16},"end":{"line":170,"column":45}},"line":170},"2":{"name":"(anonymous_2)","decl":{"start":{"line":177,"column":28},"end":{"line":177,"column":29}},"loc":{"start":{"line":178,"column":2},"end":{"line":178,"column":null}},"line":178},"3":{"name":"(anonymous_3)","decl":{"start":{"line":181,"column":32},"end":{"line":181,"column":33}},"loc":{"start":{"line":181,"column":38},"end":{"line":184,"column":1}},"line":181},"4":{"name":"(anonymous_4)","decl":{"start":{"line":186,"column":30},"end":{"line":186,"column":31}},"loc":{"start":{"line":186,"column":36},"end":{"line":194,"column":1}},"line":186},"5":{"name":"(anonymous_5)","decl":{"start":{"line":196,"column":18},"end":{"line":196,"column":23}},"loc":{"start":{"line":196,"column":30},"end":{"line":221,"column":1}},"line":196},"6":{"name":"(anonymous_6)","decl":{"start":{"line":223,"column":20},"end":{"line":223,"column":21}},"loc":{"start":{"line":223,"column":26},"end":{"line":235,"column":1}},"line":223},"7":{"name":"(anonymous_7)","decl":{"start":{"line":228,"column":48},"end":{"line":228,"column":49}},"loc":{"start":{"line":228,"column":58},"end":{"line":232,"column":5}},"line":228},"8":{"name":"(anonymous_8)","decl":{"start":{"line":237,"column":19},"end":{"line":237,"column":20}},"loc":{"start":{"line":237,"column":29},"end":{"line":240,"column":1}},"line":237},"9":{"name":"(anonymous_9)","decl":{"start":{"line":242,"column":25},"end":{"line":242,"column":26}},"loc":{"start":{"line":242,"column":31},"end":{"line":245,"column":1}},"line":242},"10":{"name":"(anonymous_10)","decl":{"start":{"line":21,"column":19},"end":{"line":21,"column":29}},"loc":{"start":{"line":21,"column":19},"end":{"line":21,"column":null}},"line":21},"11":{"name":"(anonymous_11)","decl":{"start":{"line":45,"column":43},"end":{"line":45,"column":46}},"loc":{"start":{"line":45,"column":25},"end":{"line":66,"column":23}},"line":45},"12":{"name":"(anonymous_12)","decl":{"start":{"line":64,"column":52},"end":{"line":64,"column":54}},"loc":{"start":{"line":64,"column":54},"end":{"line":64,"column":72}},"line":64},"13":{"name":"(anonymous_13)","decl":{"start":{"line":83,"column":14},"end":{"line":83,"column":16}},"loc":{"start":{"line":83,"column":16},"end":{"line":83,"column":null}},"line":83},"14":{"name":"(anonymous_14)","decl":{"start":{"line":88,"column":35},"end":{"line":88,"column":null}},"loc":{"start":{"line":88,"column":19},"end":{"line":93,"column":null}},"line":88},"15":{"name":"(anonymous_15)","decl":{"start":{"line":91,"column":14},"end":{"line":91,"column":16}},"loc":{"start":{"line":91,"column":16},"end":{"line":91,"column":34}},"line":91},"16":{"name":"(anonymous_16)","decl":{"start":{"line":98,"column":14},"end":{"line":98,"column":16}},"loc":{"start":{"line":98,"column":16},"end":{"line":98,"column":null}},"line":98},"17":{"name":"(anonymous_17)","decl":{"start":{"line":110,"column":6},"end":{"line":110,"column":11}},"loc":{"start":{"line":139,"column":12},"end":{"line":138,"column":80}},"line":139}},"branchMap":{"0":{"loc":{"start":{"line":170,"column":23},"end":{"line":170,"column":44}},"type":"binary-expr","locations":[{"start":{"line":170,"column":23},"end":{"line":170,"column":39}},{"start":{"line":170,"column":43},"end":{"line":170,"column":44}}],"line":170},"1":{"loc":{"start":{"line":173,"column":23},"end":{"line":173,"column":73}},"type":"cond-expr","locations":[{"start":{"line":173,"column":35},"end":{"line":173,"column":69}},{"start":{"line":173,"column":72},"end":{"line":173,"column":73}}],"line":173},"2":{"loc":{"start":{"line":190,"column":2},"end":{"line":190,"column":null}},"type":"if","locations":[{"start":{"line":190,"column":2},"end":{"line":190,"column":null}},{"start":{},"end":{}}],"line":190},"3":{"loc":{"start":{"line":199,"column":4},"end":{"line":202,"column":null}},"type":"if","locations":[{"start":{"line":199,"column":4},"end":{"line":202,"column":null}},{"start":{},"end":{}}],"line":199},"4":{"loc":{"start":{"line":205,"column":4},"end":{"line":207,"column":null}},"type":"if","locations":[{"start":{"line":205,"column":4},"end":{"line":207,"column":null}},{"start":{},"end":{}}],"line":205},"5":{"loc":{"start":{"line":214,"column":21},"end":{"line":214,"column":35}},"type":"binary-expr","locations":[{"start":{"line":214,"column":21},"end":{"line":214,"column":29}},{"start":{"line":214,"column":33},"end":{"line":214,"column":35}}],"line":214},"6":{"loc":{"start":{"line":224,"column":2},"end":{"line":233,"column":null}},"type":"if","locations":[{"start":{"line":224,"column":2},"end":{"line":233,"column":null}},{"start":{"line":226,"column":9},"end":{"line":233,"column":null}}],"line":224},"7":{"loc":{"start":{"line":229,"column":24},"end":{"line":229,"column":43}},"type":"binary-expr","locations":[{"start":{"line":229,"column":24},"end":{"line":229,"column":37}},{"start":{"line":229,"column":41},"end":{"line":229,"column":43}}],"line":229},"8":{"loc":{"start":{"line":230,"column":22},"end":{"line":230,"column":40}},"type":"binary-expr","locations":[{"start":{"line":230,"column":22},"end":{"line":230,"column":34}},{"start":{"line":230,"column":38},"end":{"line":230,"column":40}}],"line":230},"9":{"loc":{"start":{"line":231,"column":13},"end":{"line":231,"column":65}},"type":"binary-expr","locations":[{"start":{"line":231,"column":13},"end":{"line":231,"column":38}},{"start":{"line":231,"column":42},"end":{"line":231,"column":65}}],"line":231},"10":{"loc":{"start":{"line":5,"column":8},"end":{"line":5,"column":21}},"type":"binary-expr","locations":[{"start":{"line":5,"column":8},"end":{"line":5,"column":12}},{"start":{"line":5,"column":8},"end":{"line":5,"column":21}}],"line":5},"11":{"loc":{"start":{"line":9,"column":8},"end":{"line":9,"column":22}},"type":"binary-expr","locations":[{"start":{"line":9,"column":8},"end":{"line":9,"column":12}},{"start":{"line":9,"column":8},"end":{"line":9,"column":22}}],"line":9},"12":{"loc":{"start":{"line":13,"column":8},"end":{"line":13,"column":21}},"type":"binary-expr","locations":[{"start":{"line":13,"column":8},"end":{"line":13,"column":12}},{"start":{"line":13,"column":8},"end":{"line":13,"column":21}}],"line":13},"13":{"loc":{"start":{"line":21,"column":19},"end":{"line":21,"column":null}},"type":"binary-expr","locations":[{"start":{"line":21,"column":19},"end":{"line":21,"column":29}},{"start":{"line":21,"column":19},"end":{"line":21,"column":null}}],"line":21},"14":{"loc":{"start":{"line":33,"column":8},"end":{"line":41,"column":23}},"type":"binary-expr","locations":[{"start":{"line":33,"column":8},"end":{"line":33,"column":null}},{"start":{"line":33,"column":8},"end":{"line":41,"column":23}}],"line":33},"15":{"loc":{"start":{"line":47,"column":17},"end":{"line":47,"column":null}},"type":"cond-expr","locations":[{"start":{"line":47,"column":32},"end":{"line":47,"column":null}},{"start":{"line":47,"column":54},"end":{"line":47,"column":null}}],"line":47},"16":{"loc":{"start":{"line":50,"column":25},"end":{"line":50,"column":60}},"type":"binary-expr","locations":[{"start":{"line":50,"column":25},"end":{"line":50,"column":38}},{"start":{"line":50,"column":38},"end":{"line":50,"column":60}}],"line":50},"17":{"loc":{"start":{"line":54,"column":22},"end":{"line":58,"column":35}},"type":"cond-expr","locations":[{"start":{"line":53,"column":14},"end":{"line":56,"column":69}},{"start":{"line":58,"column":14},"end":{"line":58,"column":35}}],"line":54},"18":{"loc":{"start":{"line":69,"column":20},"end":{"line":73,"column":17}},"type":"cond-expr","locations":[{"start":{"line":69,"column":10},"end":{"line":73,"column":17}}],"line":69},"19":{"loc":{"start":{"line":74,"column":15},"end":{"line":73,"column":17}},"type":"binary-expr","locations":[{"start":{"line":74,"column":15},"end":{"line":74,"column":null}},{"start":{"line":74,"column":15},"end":{"line":73,"column":17}}],"line":74},"20":{"loc":{"start":{"line":79,"column":34},"end":{"line":105,"column":13}},"type":"cond-expr","locations":[{"start":{"line":79,"column":4},"end":{"line":105,"column":13}}],"line":79},"21":{"loc":{"start":{"line":83,"column":14},"end":{"line":83,"column":null}},"type":"binary-expr","locations":[{"start":{"line":83,"column":14},"end":{"line":83,"column":16}},{"start":{"line":83,"column":14},"end":{"line":83,"column":null}}],"line":83},"22":{"loc":{"start":{"line":98,"column":14},"end":{"line":98,"column":null}},"type":"binary-expr","locations":[{"start":{"line":98,"column":14},"end":{"line":98,"column":16}},{"start":{"line":98,"column":14},"end":{"line":98,"column":null}}],"line":98},"23":{"loc":{"start":{"line":109,"column":17},"end":{"line":138,"column":80}},"type":"cond-expr","locations":[{"start":{"line":109,"column":4},"end":{"line":138,"column":80}}],"line":109},"24":{"loc":{"start":{"line":110,"column":37},"end":{"line":138,"column":80}},"type":"cond-expr","locations":[{"start":{"line":110,"column":6},"end":{"line":138,"column":80}}],"line":110},"25":{"loc":{"start":{"line":111,"column":8},"end":{"line":111,"column":44}},"type":"binary-expr","locations":[{"start":{"line":111,"column":8},"end":{"line":111,"column":13}},{"start":{"line":111,"column":8},"end":{"line":111,"column":44}}],"line":111},"26":{"loc":{"start":{"line":112,"column":37},"end":{"line":112,"column":73}},"type":"binary-expr","locations":[{"start":{"line":112,"column":37},"end":{"line":112,"column":57}},{"start":{"line":112,"column":57},"end":{"line":112,"column":73}}],"line":112},"27":{"loc":{"start":{"line":114,"column":8},"end":{"line":114,"column":42}},"type":"binary-expr","locations":[{"start":{"line":114,"column":8},"end":{"line":114,"column":13}},{"start":{"line":114,"column":8},"end":{"line":114,"column":42}}],"line":114},"28":{"loc":{"start":{"line":116,"column":13},"end":{"line":116,"column":null}},"type":"binary-expr","locations":[{"start":{"line":116,"column":13},"end":{"line":116,"column":34}},{"start":{"line":116,"column":34},"end":{"line":116,"column":null}}],"line":116},"29":{"loc":{"start":{"line":119,"column":8},"end":{"line":119,"column":42}},"type":"binary-expr","locations":[{"start":{"line":119,"column":8},"end":{"line":119,"column":13}},{"start":{"line":119,"column":8},"end":{"line":119,"column":42}}],"line":119},"30":{"loc":{"start":{"line":122,"column":18},"end":{"line":126,"column":31}},"type":"cond-expr","locations":[{"start":{"line":121,"column":10},"end":{"line":124,"column":65}},{"start":{"line":126,"column":10},"end":{"line":126,"column":31}}],"line":122},"31":{"loc":{"start":{"line":129,"column":8},"end":{"line":129,"column":45}},"type":"binary-expr","locations":[{"start":{"line":129,"column":8},"end":{"line":129,"column":13}},{"start":{"line":129,"column":8},"end":{"line":129,"column":45}}],"line":129},"32":{"loc":{"start":{"line":134,"column":8},"end":{"line":134,"column":44}},"type":"binary-expr","locations":[{"start":{"line":134,"column":8},"end":{"line":134,"column":13}},{"start":{"line":134,"column":8},"end":{"line":134,"column":44}}],"line":134},"33":{"loc":{"start":{"line":137,"column":8},"end":{"line":137,"column":44}},"type":"binary-expr","locations":[{"start":{"line":137,"column":8},"end":{"line":137,"column":13}},{"start":{"line":137,"column":8},"end":{"line":137,"column":44}}],"line":137}},"s":{"0":0,"1":0,"2":0,"3":0,"4":0,"5":0,"6":0,"7":0,"8":0,"9":0,"10":0,"11":0,"12":0,"13":0,"14":0,"15":0,"16":0,"17":0,"18":0,"19":0,"20":0,"21":0,"22":0,"23":0,"24":0,"25":0,"26":0,"27":0,"28":0,"29":0,"30":0,"31":0,"32":0,"33":0,"34":0,"35":0,"36":0,"37":0,"38":0,"39":0,"40":0,"41":0,"42":0,"43":0,"44":0,"45":0,"46":0,"47":0,"48":0,"49":0,"50":0,"51":0,"52":0,"53":0,"54":0,"55":0,"56":0,"57":0,"58":0,"59":0,"60":0,"61":0,"62":0,"63":1,"64":1,"65":1,"66":1,"67":1,"68":1,"69":1,"70":1,"71":1,"72":1,"73":1,"74":1,"75":1,"76":1,"77":1,"78":1,"79":0,"80":0,"81":0,"82":0,"83":0,"84":0,"85":0,"86":0,"87":0},"f":{"0":0,"1":0,"2":0,"3":0,"4":0,"5":0,"6":0,"7":0,"8":0,"9":0,"10":0,"11":0,"12":0,"13":0,"14":0,"15":0,"16":0,"17":0},"b":{"0":[0,0],"1":[0,0],"2":[0,0],"3":[0,0],"4":[0,0],"5":[0,0],"6":[0,0],"7":[0,0],"8":[0,0],"9":[0,0],"10":[0,0],"11":[0,0],"12":[0,0],"13":[0,0],"14":[0,0],"15":[0,0],"16":[0,0],"17":[0,0],"18":[0],"19":[0,0],"20":[0],"21":[0,0],"22":[0,0],"23":[0],"24":[0],"25":[0,0],"26":[0,0],"27":[0,0],"28":[0,0],"29":[0,0],"30":[0,0],"31":[0,0],"32":[0,0],"33":[0,0]},"meta":{"lastBranch":34,"lastFunction":18,"lastStatement":88,"seen":{"s:157:13:157:29":0,"s:158:15:158:33":1,"s:160:16:160:24":2,"s:161:21:161:29":3,"s:162:18:162:26":4,"s:163:19:163:26":5,"s:164:23:164:34":6,"s:165:20:165:30":7,"s:167:17:175:2":8,"f:167:27:167:28":0,"s:168:16:168:37":9,"s:169:25:172:3":10,"f:170:4:170:5":1,"s:170:16:170:45":11,"b:170:23:170:39:170:43:170:44":0,"s:173:23:173:73":12,"b:173:35:173:69:173:72:173:73":1,"s:174:2:174:Infinity":13,"s:177:18:179:1":14,"f:177:28:177:29":2,"s:178:2:178:Infinity":15,"s:181:22:184:2":16,"f:181:32:181:33":3,"s:182:16:182:51":17,"s:183:2:183:Infinity":18,"s:186:20:194:2":19,"f:186:30:186:31":4,"s:187:21:187:22":20,"s:188:14:188:73":21,"s:189:12:189:62":22,"b:190:2:190:Infinity:undefined:undefined:undefined:undefined":2,"s:190:2:190:Infinity":23,"s:190:36:190:Infinity":24,"s:191:16:191:18":25,"s:192:2:192:Infinity":26,"s:192:15:192:20":27,"s:192:37:192:Infinity":28,"s:193:2:193:Infinity":29,"s:196:18:221:1":30,"f:196:18:196:23":5,"s:197:2:197:Infinity":31,"s:198:2:219:Infinity":32,"b:199:4:202:Infinity:undefined:undefined:undefined:undefined":3,"s:199:4:202:Infinity":33,"s:200:6:200:Infinity":34,"s:201:6:201:Infinity":35,"s:204:14:204:22":36,"b:205:4:207:Infinity:undefined:undefined:undefined:undefined":4,"s:205:4:207:Infinity":37,"s:206:6:206:Infinity":38,"s:209:16:213:12":39,"s:214:4:214:Infinity":40,"b:214:21:214:29:214:33:214:35":5,"s:215:4:215:Infinity":41,"s:217:4:217:Infinity":42,"s:218:4:218:Infinity":43,"s:220:2:220:Infinity":44,"s:223:20:235:1":45,"f:223:20:223:21":6,"b:224:2:233:Infinity:226:9:233:Infinity":6,"s:224:2:233:Infinity":46,"s:225:4:225:Infinity":47,"s:227:19:227:49":48,"s:228:4:232:Infinity":49,"f:228:48:228:49":7,"s:229:23:229:58":50,"b:229:24:229:37:229:41:229:43":7,"s:230:21:230:55":51,"b:230:22:230:34:230:38:230:40":8,"s:231:6:231:Infinity":52,"b:231:13:231:38:231:42:231:65":9,"s:234:2:234:Infinity":53,"s:237:19:240:1":54,"f:237:19:237:20":8,"s:238:2:238:Infinity":55,"s:239:2:239:Infinity":56,"s:242:25:245:1":57,"f:242:25:242:26":9,"s:243:2:243:Infinity":58,"s:244:2:244:Infinity":59,"s:247:19:247:26":60,"s:248:23:248:34":61,"s:250:0:250:Infinity":62,"s:4:11:4:Infinity":63,"s:6:13:6:31":64,"s:8:11:8:Infinity":65,"s:10:13:10:31":66,"s:12:11:12:Infinity":67,"s:14:13:14:31":68,"s:18:9:18:Infinity":69,"s:19:11:19:Infinity":70,"s:31:9:31:Infinity":71,"s:102:12:102:68":72,"s:112:13:112:37":73,"s:115:13:115:Infinity":74,"s:120:13:120:Infinity":75,"s:130:13:130:Infinity":76,"s:135:13:135:37":77,"s:138:13:138:37":78,"s:2:2:138:80":79,"b:5:8:5:12:5:8:5:21":10,"b:9:8:9:12:9:8:9:22":11,"b:13:8:13:12:13:8:13:21":12,"b:21:19:21:29:21:19:21:Infinity":13,"f:21:19:21:29":10,"s:21:19:21:Infinity":80,"b:33:8:33:Infinity:33:8:41:23":14,"f:45:43:45:46":11,"s:45:10:66:23":81,"b:47:32:47:Infinity:47:54:47:Infinity":15,"b:50:25:50:38:50:38:50:60":16,"b:53:14:56:69:58:14:58:35":17,"f:64:52:64:54":12,"s:64:54:64:72":82,"b:69:10:73:17":18,"b:74:15:74:Infinity:74:15:73:17":19,"b:79:4:105:13":20,"b:83:14:83:16:83:14:83:Infinity":21,"f:83:14:83:16":13,"s:83:16:83:Infinity":83,"f:88:35:88:Infinity":14,"s:87:6:93:Infinity":84,"f:91:14:91:16":15,"s:91:16:91:34":85,"b:98:14:98:16:98:14:98:Infinity":22,"f:98:14:98:16":16,"s:98:16:98:Infinity":86,"b:109:4:138:80":23,"f:110:6:110:11":17,"s:139:12:138:80":87,"b:110:6:138:80":24,"b:111:8:111:13:111:8:111:44":25,"b:112:37:112:57:112:57:112:73":26,"b:114:8:114:13:114:8:114:42":27,"b:116:13:116:34:116:34:116:Infinity":28,"b:119:8:119:13:119:8:119:42":29,"b:121:10:124:65:126:10:126:31":30,"b:129:8:129:13:129:8:129:45":31,"b:134:8:134:13:134:8:134:44":32,"b:137:8:137:13:137:8:137:44":33}}}
}
